<?xml version="1.0" encoding="UTF-8"?>
<testsuites name="Ovo" time="277.054" tests="6" failures="0" errors="0">
   <testsuite name="Ovo" tests="6" failures="0" errors="0" time="277.054" skipped="0" timestamp="2023-06-10 00:19:56" hostname="elizabethchan - localhost" id="Test Suites/Ovo">
      <properties>
         <property name="deviceName" value=""/>
         <property name="devicePlatform" value=""/>
         <property name="logFolder" value="/Users/elizabethchan/Downloads/git/Katalon/Reports/20230610_001947/Ovo/20230610_001948"/>
         <property name="logFiles" value="/Users/elizabethchan/Downloads/git/Katalon/Reports/20230610_001947/Ovo/20230610_001948/execution0.log"/>
         <property name="attachments" value="keyes/keyes-Check about us page visual.png, keyes/keyes-Check deals page visual.png, keyes/keyes-Check feature page visual.png, keyes/keyes-Check merchant page visual.png, keyes/keyes-Check news page visual.png"/>
         <property name="hostName" value="elizabethchan - localhost"/>
         <property name="os" value="Mac OS X 64bit"/>
         <property name="katalonVersion" value="8.6.5.208"/>
         <property name="browser" value="Chrome 114.0.0.0"/>
         <property name="hostAddress" value="127.0.0.1"/>
         <property name="sessionId" value="be0d835084926c7560ed9abfbff8f1b4"/>
         <property name="seleniumVersion" value="3.141.59"/>
         <property name="proxyInformation" value="ProxyInformation { proxyOption=NO_PROXY, proxyServerType=HTTP, username=, password=********, proxyServerAddress=, proxyServerPort=0, executionList=&quot;&quot;, isApplyToDesiredCapabilities=true }"/>
         <property name="platform" value="Mac OS X"/>
      </properties>
      <testcase name="Test Cases/Ovo/Check About Us Ovo" time="14.297" classname="Test Cases/Ovo/Check About Us Ovo" status="PASSED">
         <system-out><![CDATA[2023-06-10 00:19:56 - [TEST_CASE][PASSED] - Test Cases/Ovo/Check About Us Ovo: Test Cases/Ovo/Check About Us Ovo

2023-06-10 00:19:56 - [TEST_STEP][PASSED] - callTestCase(findTestCase("Ovo/Open Home Menu"), [:], STOP_ON_FAILURE): Call Test Case 'Test Cases/Ovo/Open Home Menu' successfully

2023-06-10 00:19:56 - [TEST_CASE][PASSED] - Test Cases/Ovo/Open Home Menu: Test Cases/Ovo/Open Home Menu

2023-06-10 00:19:56 - [TEST_STEP][PASSED] - openBrowser("https://www.ovo.id/"): Browser is opened with url: 'https://www.ovo.id/'

2023-06-10 00:19:57 - [MESSAGE][INFO] - Starting 'Chrome' driver

2023-06-10 00:19:57 - [MESSAGE][INFO] - Action delay is set to 0 milliseconds

2023-06-10 00:20:01 - [MESSAGE][PASSED] - Browser is opened with url: 'https://www.ovo.id/'

2023-06-10 00:20:01 - [TEST_STEP][PASSED] - verifyElementPresent(findTestObject("OVO/homeMenu"), 0): Object 'Object Repository/OVO/homeMenu' is present

2023-06-10 00:20:01 - [MESSAGE][WARNING] - Timeout '0' is invalid. Using default page load timeout: '30'

2023-06-10 00:20:01 - [MESSAGE][PASSED] - Object 'Object Repository/OVO/homeMenu' is present

2023-06-10 00:20:01 - [TEST_STEP][PASSED] - click(findTestObject("OVO/homeMenu")): Object: 'Object Repository/OVO/homeMenu' is clicked on

2023-06-10 00:20:02 - [MESSAGE][PASSED] - Object: 'Object Repository/OVO/homeMenu' is clicked on

2023-06-10 00:20:02 - [MESSAGE][PASSED] - Call Test Case 'Test Cases/Ovo/Open Home Menu' successfully

2023-06-10 00:20:02 - [TEST_STEP][PASSED] - click(findTestObject("OVO/menu_About Us")): Object: 'Object Repository/OVO/menu_About Us' is clicked on

2023-06-10 00:20:03 - [MESSAGE][PASSED] - Object: 'Object Repository/OVO/menu_About Us' is clicked on

2023-06-10 00:20:03 - [TEST_STEP][PASSED] - verifyElementPresent(findTestObject("OVO/aboutus_title"), 0): Object 'Object Repository/OVO/aboutus_title' is present

2023-06-10 00:20:03 - [MESSAGE][WARNING] - Timeout '0' is invalid. Using default page load timeout: '30'

2023-06-10 00:20:03 - [MESSAGE][PASSED] - Object 'Object Repository/OVO/aboutus_title' is present

2023-06-10 00:20:03 - [TEST_STEP][PASSED] - scrollToElement(findTestObject("OVO/aboutus_section"), 0): Scroll to object 'Object Repository/OVO/aboutus_section' successfully

2023-06-10 00:20:03 - [MESSAGE][WARNING] - Timeout '0' is invalid. Using default page load timeout: '30'

2023-06-10 00:20:04 - [MESSAGE][PASSED] - Scroll to object 'Object Repository/OVO/aboutus_section' successfully

2023-06-10 00:20:04 - [TEST_STEP][PASSED] - takeFullPageScreenshotAsCheckpoint("Check about us page visual"): Taking screenshot successfully

2023-06-10 00:20:07 - [MESSAGE][INFO] - 0 hidden object(s)

2023-06-10 00:20:10 - [MESSAGE][PASSED] - Taking screenshot successfully
[[ATTACHMENT|keyes/keyes-Check about us page visual.png]]]]></system-out>
         <system-err><![CDATA[]]></system-err>
      </testcase>
      <testcase name="Test Cases/Ovo/Check deals ovo" time="12.382" classname="Test Cases/Ovo/Check deals ovo" status="PASSED">
         <system-out><![CDATA[2023-06-10 00:20:10 - [TEST_CASE][PASSED] - Test Cases/Ovo/Check deals ovo: Test Cases/Ovo/Check deals ovo

2023-06-10 00:20:10 - [TEST_STEP][PASSED] - callTestCase(findTestCase("Ovo/Open Home Menu"), [:], STOP_ON_FAILURE): Call Test Case 'Test Cases/Ovo/Open Home Menu' successfully

2023-06-10 00:20:11 - [TEST_CASE][PASSED] - Test Cases/Ovo/Open Home Menu: Test Cases/Ovo/Open Home Menu

2023-06-10 00:20:11 - [TEST_STEP][PASSED] - openBrowser("https://www.ovo.id/"): Browser is opened with url: 'https://www.ovo.id/'

2023-06-10 00:20:11 - [MESSAGE][WARNING] - A browser is already opened. Closing browser and opening a new one

2023-06-10 00:20:11 - [MESSAGE][INFO] - Starting 'Chrome' driver

2023-06-10 00:20:11 - [MESSAGE][INFO] - Action delay is set to 0 milliseconds

2023-06-10 00:20:14 - [MESSAGE][PASSED] - Browser is opened with url: 'https://www.ovo.id/'

2023-06-10 00:20:14 - [TEST_STEP][PASSED] - verifyElementPresent(findTestObject("OVO/homeMenu"), 0): Object 'Object Repository/OVO/homeMenu' is present

2023-06-10 00:20:14 - [MESSAGE][WARNING] - Timeout '0' is invalid. Using default page load timeout: '30'

2023-06-10 00:20:15 - [MESSAGE][PASSED] - Object 'Object Repository/OVO/homeMenu' is present

2023-06-10 00:20:15 - [TEST_STEP][PASSED] - click(findTestObject("OVO/homeMenu")): Object: 'Object Repository/OVO/homeMenu' is clicked on

2023-06-10 00:20:15 - [MESSAGE][PASSED] - Object: 'Object Repository/OVO/homeMenu' is clicked on

2023-06-10 00:20:15 - [MESSAGE][PASSED] - Call Test Case 'Test Cases/Ovo/Open Home Menu' successfully

2023-06-10 00:20:15 - [TEST_STEP][PASSED] - click(findTestObject("OVO/menu_Deals")): Object: 'Object Repository/OVO/menu_Deals' is clicked on

2023-06-10 00:20:16 - [MESSAGE][PASSED] - Object: 'Object Repository/OVO/menu_Deals' is clicked on

2023-06-10 00:20:16 - [TEST_STEP][PASSED] - verifyElementPresent(findTestObject("OVO/title_Deals"), 0): Object 'Object Repository/OVO/title_Deals' is present

2023-06-10 00:20:16 - [MESSAGE][WARNING] - Timeout '0' is invalid. Using default page load timeout: '30'

2023-06-10 00:20:16 - [MESSAGE][PASSED] - Object 'Object Repository/OVO/title_Deals' is present

2023-06-10 00:20:16 - [TEST_STEP][PASSED] - scrollToElement(findTestObject("OVO/section_Deals"), 0): Scroll to object 'Object Repository/OVO/section_Deals' successfully

2023-06-10 00:20:16 - [MESSAGE][WARNING] - Timeout '0' is invalid. Using default page load timeout: '30'

2023-06-10 00:20:17 - [MESSAGE][PASSED] - Scroll to object 'Object Repository/OVO/section_Deals' successfully

2023-06-10 00:20:17 - [TEST_STEP][PASSED] - takeFullPageScreenshotAsCheckpoint("Check deals page visual"): Taking screenshot successfully

2023-06-10 00:20:19 - [MESSAGE][INFO] - 0 hidden object(s)

2023-06-10 00:20:23 - [MESSAGE][PASSED] - Taking screenshot successfully
[[ATTACHMENT|keyes/keyes-Check deals page visual.png]]]]></system-out>
         <system-err><![CDATA[]]></system-err>
      </testcase>
      <testcase name="Test Cases/Ovo/Check feature ovo website" time="13.485" classname="Test Cases/Ovo/Check feature ovo website" status="PASSED">
         <system-out><![CDATA[2023-06-10 00:20:23 - [TEST_CASE][PASSED] - Test Cases/Ovo/Check feature ovo website: Test Cases/Ovo/Check feature ovo website

2023-06-10 00:20:23 - [TEST_STEP][PASSED] - callTestCase(findTestCase("Ovo/Open Home Menu"), [:], STOP_ON_FAILURE): Call Test Case 'Test Cases/Ovo/Open Home Menu' successfully

2023-06-10 00:20:23 - [TEST_CASE][PASSED] - Test Cases/Ovo/Open Home Menu: Test Cases/Ovo/Open Home Menu

2023-06-10 00:20:23 - [TEST_STEP][PASSED] - openBrowser("https://www.ovo.id/"): Browser is opened with url: 'https://www.ovo.id/'

2023-06-10 00:20:23 - [MESSAGE][WARNING] - A browser is already opened. Closing browser and opening a new one

2023-06-10 00:20:23 - [MESSAGE][INFO] - Starting 'Chrome' driver

2023-06-10 00:20:23 - [MESSAGE][INFO] - Action delay is set to 0 milliseconds

2023-06-10 00:20:27 - [MESSAGE][PASSED] - Browser is opened with url: 'https://www.ovo.id/'

2023-06-10 00:20:27 - [TEST_STEP][PASSED] - verifyElementPresent(findTestObject("OVO/homeMenu"), 0): Object 'Object Repository/OVO/homeMenu' is present

2023-06-10 00:20:27 - [MESSAGE][WARNING] - Timeout '0' is invalid. Using default page load timeout: '30'

2023-06-10 00:20:27 - [MESSAGE][PASSED] - Object 'Object Repository/OVO/homeMenu' is present

2023-06-10 00:20:27 - [TEST_STEP][PASSED] - click(findTestObject("OVO/homeMenu")): Object: 'Object Repository/OVO/homeMenu' is clicked on

2023-06-10 00:20:27 - [MESSAGE][PASSED] - Object: 'Object Repository/OVO/homeMenu' is clicked on

2023-06-10 00:20:27 - [MESSAGE][PASSED] - Call Test Case 'Test Cases/Ovo/Open Home Menu' successfully

2023-06-10 00:20:27 - [TEST_STEP][PASSED] - click(findTestObject("OVO/menu_Features")): Object: 'Object Repository/OVO/menu_Features' is clicked on

2023-06-10 00:20:29 - [MESSAGE][PASSED] - Object: 'Object Repository/OVO/menu_Features' is clicked on

2023-06-10 00:20:29 - [TEST_STEP][PASSED] - scrollToElement(findTestObject("OVO/feature_section"), 0): Scroll to object 'Object Repository/OVO/feature_section' successfully

2023-06-10 00:20:29 - [MESSAGE][WARNING] - Timeout '0' is invalid. Using default page load timeout: '30'

2023-06-10 00:20:29 - [MESSAGE][PASSED] - Scroll to object 'Object Repository/OVO/feature_section' successfully

2023-06-10 00:20:29 - [TEST_STEP][PASSED] - takeFullPageScreenshotAsCheckpoint("Check feature page visual"): Taking screenshot successfully

2023-06-10 00:20:33 - [MESSAGE][INFO] - 0 hidden object(s)

2023-06-10 00:20:36 - [MESSAGE][PASSED] - Taking screenshot successfully
[[ATTACHMENT|keyes/keyes-Check feature page visual.png]]]]></system-out>
         <system-err><![CDATA[]]></system-err>
      </testcase>
      <testcase name="Test Cases/Ovo/Check merchant ovo" time="12.265" classname="Test Cases/Ovo/Check merchant ovo" status="PASSED">
         <system-out><![CDATA[2023-06-10 00:20:36 - [TEST_CASE][PASSED] - Test Cases/Ovo/Check merchant ovo: Test Cases/Ovo/Check merchant ovo

2023-06-10 00:20:36 - [TEST_STEP][PASSED] - callTestCase(findTestCase("Ovo/Open Home Menu"), [:], STOP_ON_FAILURE): Call Test Case 'Test Cases/Ovo/Open Home Menu' successfully

2023-06-10 00:20:36 - [TEST_CASE][PASSED] - Test Cases/Ovo/Open Home Menu: Test Cases/Ovo/Open Home Menu

2023-06-10 00:20:36 - [TEST_STEP][PASSED] - openBrowser("https://www.ovo.id/"): Browser is opened with url: 'https://www.ovo.id/'

2023-06-10 00:20:36 - [MESSAGE][WARNING] - A browser is already opened. Closing browser and opening a new one

2023-06-10 00:20:37 - [MESSAGE][INFO] - Starting 'Chrome' driver

2023-06-10 00:20:37 - [MESSAGE][INFO] - Action delay is set to 0 milliseconds

2023-06-10 00:20:40 - [MESSAGE][PASSED] - Browser is opened with url: 'https://www.ovo.id/'

2023-06-10 00:20:40 - [TEST_STEP][PASSED] - verifyElementPresent(findTestObject("OVO/homeMenu"), 0): Object 'Object Repository/OVO/homeMenu' is present

2023-06-10 00:20:40 - [MESSAGE][WARNING] - Timeout '0' is invalid. Using default page load timeout: '30'

2023-06-10 00:20:41 - [MESSAGE][PASSED] - Object 'Object Repository/OVO/homeMenu' is present

2023-06-10 00:20:41 - [TEST_STEP][PASSED] - click(findTestObject("OVO/homeMenu")): Object: 'Object Repository/OVO/homeMenu' is clicked on

2023-06-10 00:20:41 - [MESSAGE][PASSED] - Object: 'Object Repository/OVO/homeMenu' is clicked on

2023-06-10 00:20:41 - [MESSAGE][PASSED] - Call Test Case 'Test Cases/Ovo/Open Home Menu' successfully

2023-06-10 00:20:41 - [TEST_STEP][PASSED] - click(findTestObject("OVO/menu_Merchants")): Object: 'Object Repository/OVO/menu_Merchants' is clicked on

2023-06-10 00:20:42 - [MESSAGE][PASSED] - Object: 'Object Repository/OVO/menu_Merchants' is clicked on

2023-06-10 00:20:42 - [TEST_STEP][PASSED] - verifyElementPresent(findTestObject("OVO/title_Merchants"), 0): Object 'Object Repository/OVO/title_Merchants' is present

2023-06-10 00:20:42 - [MESSAGE][WARNING] - Timeout '0' is invalid. Using default page load timeout: '30'

2023-06-10 00:20:42 - [MESSAGE][PASSED] - Object 'Object Repository/OVO/title_Merchants' is present

2023-06-10 00:20:42 - [TEST_STEP][PASSED] - scrollToElement(findTestObject("OVO/section_Merchants"), 0): Scroll to object 'Object Repository/OVO/section_Merchants' successfully

2023-06-10 00:20:42 - [MESSAGE][WARNING] - Timeout '0' is invalid. Using default page load timeout: '30'

2023-06-10 00:20:43 - [MESSAGE][PASSED] - Scroll to object 'Object Repository/OVO/section_Merchants' successfully

2023-06-10 00:20:43 - [TEST_STEP][PASSED] - takeFullPageScreenshotAsCheckpoint("Check merchant page visual"): Taking screenshot successfully

2023-06-10 00:20:45 - [MESSAGE][INFO] - 0 hidden object(s)

2023-06-10 00:20:49 - [MESSAGE][PASSED] - Taking screenshot successfully
[[ATTACHMENT|keyes/keyes-Check merchant page visual.png]]]]></system-out>
         <system-err><![CDATA[]]></system-err>
      </testcase>
      <testcase name="Test Cases/Ovo/Check news ovo" time="44.247" classname="Test Cases/Ovo/Check news ovo" status="PASSED">
         <system-out><![CDATA[2023-06-10 00:20:49 - [TEST_CASE][PASSED] - Test Cases/Ovo/Check news ovo: Test Cases/Ovo/Check news ovo

2023-06-10 00:20:49 - [TEST_STEP][PASSED] - callTestCase(findTestCase("Ovo/Open Home Menu"), [:], STOP_ON_FAILURE): Call Test Case 'Test Cases/Ovo/Open Home Menu' successfully

2023-06-10 00:20:49 - [TEST_CASE][PASSED] - Test Cases/Ovo/Open Home Menu: Test Cases/Ovo/Open Home Menu

2023-06-10 00:20:49 - [TEST_STEP][PASSED] - openBrowser("https://www.ovo.id/"): Browser is opened with url: 'https://www.ovo.id/'

2023-06-10 00:20:49 - [MESSAGE][WARNING] - A browser is already opened. Closing browser and opening a new one

2023-06-10 00:20:49 - [MESSAGE][INFO] - Starting 'Chrome' driver

2023-06-10 00:20:49 - [MESSAGE][INFO] - Action delay is set to 0 milliseconds

2023-06-10 00:20:52 - [MESSAGE][PASSED] - Browser is opened with url: 'https://www.ovo.id/'

2023-06-10 00:20:52 - [TEST_STEP][PASSED] - verifyElementPresent(findTestObject("OVO/homeMenu"), 0): Object 'Object Repository/OVO/homeMenu' is present

2023-06-10 00:20:52 - [MESSAGE][WARNING] - Timeout '0' is invalid. Using default page load timeout: '30'

2023-06-10 00:20:53 - [MESSAGE][PASSED] - Object 'Object Repository/OVO/homeMenu' is present

2023-06-10 00:20:53 - [TEST_STEP][PASSED] - click(findTestObject("OVO/homeMenu")): Object: 'Object Repository/OVO/homeMenu' is clicked on

2023-06-10 00:20:53 - [MESSAGE][PASSED] - Object: 'Object Repository/OVO/homeMenu' is clicked on

2023-06-10 00:20:53 - [MESSAGE][PASSED] - Call Test Case 'Test Cases/Ovo/Open Home Menu' successfully

2023-06-10 00:20:53 - [TEST_STEP][PASSED] - click(findTestObject("OVO/menu_News")): Object: 'Object Repository/OVO/menu_News' is clicked on

2023-06-10 00:21:24 - [MESSAGE][PASSED] - Object: 'Object Repository/OVO/menu_News' is clicked on

2023-06-10 00:21:24 - [TEST_STEP][PASSED] - verifyElementPresent(findTestObject("OVO/title_News"), 0): Object 'Object Repository/OVO/title_News' is present

2023-06-10 00:21:24 - [MESSAGE][WARNING] - Timeout '0' is invalid. Using default page load timeout: '30'

2023-06-10 00:21:24 - [MESSAGE][PASSED] - Object 'Object Repository/OVO/title_News' is present

2023-06-10 00:21:24 - [TEST_STEP][PASSED] - scrollToElement(findTestObject("OVO/section_News"), 0): Scroll to object 'Object Repository/OVO/section_News' successfully

2023-06-10 00:21:24 - [MESSAGE][WARNING] - Timeout '0' is invalid. Using default page load timeout: '30'

2023-06-10 00:21:24 - [MESSAGE][PASSED] - Scroll to object 'Object Repository/OVO/section_News' successfully

2023-06-10 00:21:24 - [TEST_STEP][PASSED] - takeFullPageScreenshotAsCheckpoint("Check news page visual"): Taking screenshot successfully

2023-06-10 00:21:29 - [MESSAGE][INFO] - 0 hidden object(s)

2023-06-10 00:21:33 - [MESSAGE][PASSED] - Taking screenshot successfully
[[ATTACHMENT|keyes/keyes-Check news page visual.png]]]]></system-out>
         <system-err><![CDATA[]]></system-err>
      </testcase>
      <testcase name="Test Cases/Ovo/Open Home Menu" time="180.185" classname="Test Cases/Ovo/Open Home Menu" status="PASSED">
         <system-out><![CDATA[2023-06-10 00:21:33 - [TEST_CASE][PASSED] - Test Cases/Ovo/Open Home Menu: Test Cases/Ovo/Open Home Menu

2023-06-10 00:21:33 - [TEST_STEP][PASSED] - openBrowser("https://www.ovo.id/"): Browser is opened with url: 'https://www.ovo.id/'

2023-06-10 00:21:33 - [MESSAGE][WARNING] - A browser is already opened. Closing browser and opening a new one

2023-06-10 00:21:33 - [MESSAGE][INFO] - Starting 'Chrome' driver

2023-06-10 00:21:33 - [MESSAGE][INFO] - Action delay is set to 0 milliseconds

2023-06-10 00:24:32 - [MESSAGE][PASSED] - Browser is opened with url: 'https://www.ovo.id/'

2023-06-10 00:24:32 - [TEST_STEP][PASSED] - verifyElementPresent(findTestObject("OVO/homeMenu"), 0): Object 'Object Repository/OVO/homeMenu' is present

2023-06-10 00:24:32 - [MESSAGE][WARNING] - Timeout '0' is invalid. Using default page load timeout: '30'

2023-06-10 00:24:33 - [MESSAGE][PASSED] - Object 'Object Repository/OVO/homeMenu' is present

2023-06-10 00:24:33 - [TEST_STEP][PASSED] - click(findTestObject("OVO/homeMenu")): Object: 'Object Repository/OVO/homeMenu' is clicked on

2023-06-10 00:24:33 - [MESSAGE][PASSED] - Object: 'Object Repository/OVO/homeMenu' is clicked on]]></system-out>
         <system-err><![CDATA[]]></system-err>
      </testcase>
      <system-out><![CDATA[2023-06-10 00:19:56 - [TEST_SUITE][PASSED] - Ovo: Test Cases/Ovo/Open Home Menu]]></system-out>
      <system-err><![CDATA[]]></system-err>
   </testsuite>
</testsuites>
