<?xml version="1.0" encoding="UTF-8"?>
<testsuites name="Homage" time="71.949" tests="4" failures="0" errors="0">
   <testsuite name="Homage" tests="4" failures="0" errors="0" time="71.949" skipped="0" timestamp="2023-06-10 00:09:57" hostname="elizabethchan - localhost" id="Test Suites/Homage">
      <properties>
         <property name="deviceName" value=""/>
         <property name="devicePlatform" value=""/>
         <property name="logFolder" value="/Users/elizabethchan/Downloads/git/Katalon/Reports/20230610_000945/Homage/20230610_000946"/>
         <property name="logFiles" value="/Users/elizabethchan/Downloads/git/Katalon/Reports/20230610_000945/Homage/20230610_000946/execution0.log"/>
         <property name="attachments" value="keyes/keyes-Check home page visual.png, keyes/keyes-Check download homage page visual.png, keyes/keyes-Check download button page visual.png"/>
         <property name="hostName" value="elizabethchan - localhost"/>
         <property name="os" value="Mac OS X 64bit"/>
         <property name="katalonVersion" value="8.6.5.208"/>
         <property name="browser" value="Chrome 114.0.0.0"/>
         <property name="hostAddress" value="127.0.0.1"/>
         <property name="sessionId" value="d593d7a8e1fd988d213992d9fe4ed2a7"/>
         <property name="seleniumVersion" value="3.141.59"/>
         <property name="proxyInformation" value="ProxyInformation { proxyOption=NO_PROXY, proxyServerType=HTTP, username=, password=********, proxyServerAddress=, proxyServerPort=0, executionList=&quot;&quot;, isApplyToDesiredCapabilities=true }"/>
         <property name="platform" value="Mac OS X"/>
      </properties>
      <testcase name="Test Cases/Homage/Open Homage" time="8.821" classname="Test Cases/Homage/Open Homage" status="PASSED">
         <system-out><![CDATA[2023-06-10 00:09:57 - [TEST_CASE][PASSED] - Test Cases/Homage/Open Homage: Test Cases/Homage/Open Homage

2023-06-10 00:09:57 - [TEST_STEP][PASSED] - openBrowser("https://www.homage.sg/"): Browser is opened with url: 'https://www.homage.sg/'

2023-06-10 00:09:57 - [MESSAGE][INFO] - Starting 'Chrome' driver

2023-06-10 00:09:57 - [MESSAGE][INFO] - Action delay is set to 0 milliseconds

2023-06-10 00:10:06 - [MESSAGE][PASSED] - Browser is opened with url: 'https://www.homage.sg/']]></system-out>
         <system-err><![CDATA[]]></system-err>
      </testcase>
      <testcase name="Test Cases/Homage/Home Pag" time="29.663" classname="Test Cases/Homage/Home Pag" status="PASSED">
         <system-out><![CDATA[2023-06-10 00:10:06 - [TEST_CASE][PASSED] - Test Cases/Homage/Home Pag: Test Cases/Homage/Home Pag

2023-06-10 00:10:06 - [TEST_STEP][PASSED] - callTestCase(findTestCase("Homage/Open Homage"), [:], STOP_ON_FAILURE): Call Test Case 'Test Cases/Homage/Open Homage' successfully

2023-06-10 00:10:06 - [TEST_CASE][PASSED] - Test Cases/Homage/Open Homage: Test Cases/Homage/Open Homage

2023-06-10 00:10:06 - [TEST_STEP][PASSED] - openBrowser("https://www.homage.sg/"): Browser is opened with url: 'https://www.homage.sg/'

2023-06-10 00:10:06 - [MESSAGE][WARNING] - A browser is already opened. Closing browser and opening a new one

2023-06-10 00:10:06 - [MESSAGE][INFO] - Starting 'Chrome' driver

2023-06-10 00:10:06 - [MESSAGE][INFO] - Action delay is set to 0 milliseconds

2023-06-10 00:10:15 - [MESSAGE][PASSED] - Browser is opened with url: 'https://www.homage.sg/'

2023-06-10 00:10:15 - [MESSAGE][PASSED] - Call Test Case 'Test Cases/Homage/Open Homage' successfully

2023-06-10 00:10:15 - [TEST_STEP][PASSED] - verifyElementPresent(findTestObject("Homagee/NavBar"), 0): Object 'Object Repository/Homagee/NavBar' is present

2023-06-10 00:10:16 - [MESSAGE][WARNING] - Timeout '0' is invalid. Using default page load timeout: '30'

2023-06-10 00:10:17 - [MESSAGE][PASSED] - Object 'Object Repository/Homagee/NavBar' is present

2023-06-10 00:10:17 - [TEST_STEP][PASSED] - scrollToElement(findTestObject("Homagee/section_Our Services"), 0): Scroll to object 'Object Repository/Homagee/section_Our Services' successfully

2023-06-10 00:10:17 - [MESSAGE][WARNING] - Timeout '0' is invalid. Using default page load timeout: '30'

2023-06-10 00:10:18 - [MESSAGE][PASSED] - Scroll to object 'Object Repository/Homagee/section_Our Services' successfully

2023-06-10 00:10:18 - [TEST_STEP][PASSED] - scrollToElement(findTestObject("Homagee/section_How Homage works"), 0): Scroll to object 'Object Repository/Homagee/section_How Homage works' successfully

2023-06-10 00:10:19 - [MESSAGE][WARNING] - Timeout '0' is invalid. Using default page load timeout: '30'

2023-06-10 00:10:19 - [MESSAGE][PASSED] - Scroll to object 'Object Repository/Homagee/section_How Homage works' successfully

2023-06-10 00:10:19 - [TEST_STEP][PASSED] - scrollToElement(findTestObject("Homagee/section_Why Families Prefer Homage"), 0): Scroll to object 'Object Repository/Homagee/section_Why Families Prefer Homage' successfully

2023-06-10 00:10:19 - [MESSAGE][WARNING] - Timeout '0' is invalid. Using default page load timeout: '30'

2023-06-10 00:10:19 - [MESSAGE][PASSED] - Scroll to object 'Object Repository/Homagee/section_Why Families Prefer Homage' successfully

2023-06-10 00:10:19 - [TEST_STEP][PASSED] - scrollToElement(findTestObject("Homagee/section_Medical Conditions"), 0): Scroll to object 'Object Repository/Homagee/section_Medical Conditions' successfully

2023-06-10 00:10:19 - [MESSAGE][WARNING] - Timeout '0' is invalid. Using default page load timeout: '30'

2023-06-10 00:10:20 - [MESSAGE][PASSED] - Scroll to object 'Object Repository/Homagee/section_Medical Conditions' successfully

2023-06-10 00:10:20 - [TEST_STEP][PASSED] - scrollToElement(findTestObject("Homagee/section_Some of our top categories in Singapore"), 0): Scroll to object 'Object Repository/Homagee/section_Some of our top categories in Singapore' successfully

2023-06-10 00:10:20 - [MESSAGE][WARNING] - Timeout '0' is invalid. Using default page load timeout: '30'

2023-06-10 00:10:20 - [MESSAGE][PASSED] - Scroll to object 'Object Repository/Homagee/section_Some of our top categories in Singapore' successfully

2023-06-10 00:10:20 - [TEST_STEP][PASSED] - takeFullPageScreenshotAsCheckpoint("Check home page visual"): Taking screenshot successfully

2023-06-10 00:10:32 - [MESSAGE][INFO] - 0 hidden object(s)

2023-06-10 00:10:35 - [MESSAGE][PASSED] - Taking screenshot successfully
[[ATTACHMENT|keyes/keyes-Check home page visual.png]]]]></system-out>
         <system-err><![CDATA[]]></system-err>
      </testcase>
      <testcase name="Test Cases/Homage/Download Homage Page" time="16.778" classname="Test Cases/Homage/Download Homage Page" status="PASSED">
         <system-out><![CDATA[2023-06-10 00:10:35 - [TEST_CASE][PASSED] - Test Cases/Homage/Download Homage Page: Test Cases/Homage/Download Homage Page

2023-06-10 00:10:36 - [TEST_STEP][PASSED] - callTestCase(findTestCase("Homage/Open Homage"), [:], STOP_ON_FAILURE): Call Test Case 'Test Cases/Homage/Open Homage' successfully

2023-06-10 00:10:36 - [TEST_CASE][PASSED] - Test Cases/Homage/Open Homage: Test Cases/Homage/Open Homage

2023-06-10 00:10:36 - [TEST_STEP][PASSED] - openBrowser("https://www.homage.sg/"): Browser is opened with url: 'https://www.homage.sg/'

2023-06-10 00:10:36 - [MESSAGE][WARNING] - A browser is already opened. Closing browser and opening a new one

2023-06-10 00:10:36 - [MESSAGE][INFO] - Starting 'Chrome' driver

2023-06-10 00:10:36 - [MESSAGE][INFO] - Action delay is set to 0 milliseconds

2023-06-10 00:10:41 - [MESSAGE][PASSED] - Browser is opened with url: 'https://www.homage.sg/'

2023-06-10 00:10:41 - [MESSAGE][PASSED] - Call Test Case 'Test Cases/Homage/Open Homage' successfully

2023-06-10 00:10:41 - [TEST_STEP][PASSED] - click(findTestObject("Homagee/nav_About Us")): Object: 'Object Repository/Homagee/nav_About Us' is clicked on

2023-06-10 00:10:42 - [MESSAGE][PASSED] - Object: 'Object Repository/Homagee/nav_About Us' is clicked on

2023-06-10 00:10:42 - [TEST_STEP][PASSED] - click(findTestObject("Homagee/menu_Homage App")): Object: 'Object Repository/Homagee/menu_Homage App' is clicked on

2023-06-10 00:10:45 - [MESSAGE][PASSED] - Object: 'Object Repository/Homagee/menu_Homage App' is clicked on

2023-06-10 00:10:45 - [TEST_STEP][PASSED] - verifyElementPresent(findTestObject("Homagee/title_Homage app page"), 0): Object 'Object Repository/Homagee/title_Homage app page' is present

2023-06-10 00:10:45 - [MESSAGE][WARNING] - Timeout '0' is invalid. Using default page load timeout: '30'

2023-06-10 00:10:47 - [MESSAGE][PASSED] - Object 'Object Repository/Homagee/title_Homage app page' is present

2023-06-10 00:10:47 - [TEST_STEP][PASSED] - scrollToElement(findTestObject("Homagee/body_Homage app page"), 0): Scroll to object 'Object Repository/Homagee/body_Homage app page' successfully

2023-06-10 00:10:47 - [MESSAGE][WARNING] - Timeout '0' is invalid. Using default page load timeout: '30'

2023-06-10 00:10:47 - [MESSAGE][PASSED] - Scroll to object 'Object Repository/Homagee/body_Homage app page' successfully

2023-06-10 00:10:47 - [TEST_STEP][PASSED] - scrollToElement(findTestObject("Homagee/body_review app page"), 0): Scroll to object 'Object Repository/Homagee/body_review app page' successfully

2023-06-10 00:10:47 - [MESSAGE][WARNING] - Timeout '0' is invalid. Using default page load timeout: '30'

2023-06-10 00:10:48 - [MESSAGE][PASSED] - Scroll to object 'Object Repository/Homagee/body_review app page' successfully

2023-06-10 00:10:48 - [TEST_STEP][PASSED] - scrollToElement(findTestObject("Homagee/qr_homage app"), 0): Scroll to object 'Object Repository/Homagee/qr_homage app' successfully

2023-06-10 00:10:48 - [MESSAGE][WARNING] - Timeout '0' is invalid. Using default page load timeout: '30'

2023-06-10 00:10:48 - [MESSAGE][PASSED] - Scroll to object 'Object Repository/Homagee/qr_homage app' successfully

2023-06-10 00:10:48 - [TEST_STEP][PASSED] - takeFullPageScreenshotAsCheckpoint("Check download homage page visual"): Taking screenshot successfully

2023-06-10 00:10:51 - [MESSAGE][INFO] - 0 hidden object(s)

2023-06-10 00:10:52 - [MESSAGE][PASSED] - Taking screenshot successfully
[[ATTACHMENT|keyes/keyes-Check download homage page visual.png]]]]></system-out>
         <system-err><![CDATA[]]></system-err>
      </testcase>
      <testcase name="Test Cases/Homage/Download Butto Check" time="16.442" classname="Test Cases/Homage/Download Butto Check" status="PASSED">
         <system-out><![CDATA[2023-06-10 00:10:52 - [TEST_CASE][PASSED] - Test Cases/Homage/Download Butto Check: Test Cases/Homage/Download Butto Check

2023-06-10 00:10:52 - [TEST_STEP][PASSED] - callTestCase(findTestCase("Homage/Open Homage"), [:], STOP_ON_FAILURE): Call Test Case 'Test Cases/Homage/Open Homage' successfully

2023-06-10 00:10:52 - [TEST_CASE][PASSED] - Test Cases/Homage/Open Homage: Test Cases/Homage/Open Homage

2023-06-10 00:10:52 - [TEST_STEP][PASSED] - openBrowser("https://www.homage.sg/"): Browser is opened with url: 'https://www.homage.sg/'

2023-06-10 00:10:52 - [MESSAGE][WARNING] - A browser is already opened. Closing browser and opening a new one

2023-06-10 00:10:53 - [MESSAGE][INFO] - Starting 'Chrome' driver

2023-06-10 00:10:53 - [MESSAGE][INFO] - Action delay is set to 0 milliseconds

2023-06-10 00:10:59 - [MESSAGE][PASSED] - Browser is opened with url: 'https://www.homage.sg/'

2023-06-10 00:10:59 - [MESSAGE][PASSED] - Call Test Case 'Test Cases/Homage/Open Homage' successfully

2023-06-10 00:10:59 - [TEST_STEP][PASSED] - click(findTestObject("Homagee/button_Get Care Now")): Object: 'Object Repository/Homagee/button_Get Care Now' is clicked on

2023-06-10 00:11:00 - [MESSAGE][PASSED] - Object: 'Object Repository/Homagee/button_Get Care Now' is clicked on

2023-06-10 00:11:00 - [TEST_STEP][PASSED] - verifyElementPresent(findTestObject("Homagee/description_homage"), 0): Object 'Object Repository/Homagee/description_homage' is present

2023-06-10 00:11:00 - [MESSAGE][WARNING] - Timeout '0' is invalid. Using default page load timeout: '30'

2023-06-10 00:11:01 - [MESSAGE][PASSED] - Object 'Object Repository/Homagee/description_homage' is present

2023-06-10 00:11:01 - [TEST_STEP][PASSED] - scrollToElement(findTestObject("Homagee/section_Speak to our Care Advisors"), 0): Scroll to object 'Object Repository/Homagee/section_Speak to our Care Advisors' successfully

2023-06-10 00:11:01 - [MESSAGE][WARNING] - Timeout '0' is invalid. Using default page load timeout: '30'

2023-06-10 00:11:01 - [MESSAGE][PASSED] - Scroll to object 'Object Repository/Homagee/section_Speak to our Care Advisors' successfully

2023-06-10 00:11:01 - [TEST_STEP][PASSED] - takeFullPageScreenshotAsCheckpoint("Check download button page visual"): Taking screenshot successfully

2023-06-10 00:11:05 - [MESSAGE][INFO] - 0 hidden object(s)

2023-06-10 00:11:09 - [MESSAGE][PASSED] - Taking screenshot successfully
[[ATTACHMENT|keyes/keyes-Check download button page visual.png]]]]></system-out>
         <system-err><![CDATA[]]></system-err>
      </testcase>
      <system-out><![CDATA[2023-06-10 00:09:57 - [TEST_SUITE][PASSED] - Homage: Test Cases/Homage/Download Butto Check]]></system-out>
      <system-err><![CDATA[]]></system-err>
   </testsuite>
</testsuites>
