<?xml version="1.0" encoding="UTF-8"?>
<testsuites name="Homage" time="62.554" tests="4" failures="0" errors="0">
   <testsuite name="Homage" tests="4" failures="0" errors="0" time="62.554" skipped="0" timestamp="2023-06-06 23:11:57" hostname="elizabethchan - localhost" id="Test Suites/Homage">
      <properties>
         <property name="deviceName" value=""/>
         <property name="devicePlatform" value=""/>
         <property name="logFolder" value="/Users/elizabethchan/Downloads/git/Katalon/Reports/20230606_231151/Homage/20230606_231152"/>
         <property name="logFiles" value="/Users/elizabethchan/Downloads/git/Katalon/Reports/20230606_231151/Homage/20230606_231152/execution0.log"/>
         <property name="attachments" value=""/>
         <property name="hostName" value="elizabethchan - localhost"/>
         <property name="os" value="Mac OS X 64bit"/>
         <property name="katalonVersion" value="8.6.0.208"/>
         <property name="browser" value="Chrome 114.0.0.0"/>
         <property name="hostAddress" value="192.168.0.110"/>
         <property name="sessionId" value="a61df6224f856bd1e2aee2248c5b28ee"/>
         <property name="seleniumVersion" value="3.141.59"/>
         <property name="proxyInformation" value="ProxyInformation { proxyOption=NO_PROXY, proxyServerType=HTTP, username=, password=********, proxyServerAddress=, proxyServerPort=0, executionList=&quot;&quot;, isApplyToDesiredCapabilities=true }"/>
         <property name="platform" value="Mac OS X"/>
      </properties>
      <testcase name="Test Cases/Homage/Open Homage" time="10.357" classname="Test Cases/Homage/Open Homage" status="PASSED">
         <system-out><![CDATA[2023-06-06 23:11:57 - [TEST_CASE][PASSED] - Test Cases/Homage/Open Homage: Test Cases/Homage/Open Homage

2023-06-06 23:11:58 - [TEST_STEP][PASSED] - openBrowser("https://www.homage.sg/"): Browser is opened with url: 'https://www.homage.sg/'

2023-06-06 23:11:58 - [MESSAGE][INFO] - Starting 'Chrome' driver

2023-06-06 23:11:58 - [MESSAGE][INFO] - Action delay is set to 0 milliseconds

2023-06-06 23:12:08 - [MESSAGE][PASSED] - Browser is opened with url: 'https://www.homage.sg/']]></system-out>
         <system-err><![CDATA[]]></system-err>
      </testcase>
      <testcase name="Test Cases/Homage/Home Pag" time="21.957" classname="Test Cases/Homage/Home Pag" status="PASSED">
         <system-out><![CDATA[2023-06-06 23:12:08 - [TEST_CASE][PASSED] - Test Cases/Homage/Home Pag: Test Cases/Homage/Home Pag

2023-06-06 23:12:08 - [TEST_STEP][PASSED] - callTestCase(findTestCase("Homage/Open Homage"), [:], STOP_ON_FAILURE): Call Test Case 'Test Cases/Homage/Open Homage' successfully

2023-06-06 23:12:08 - [TEST_CASE][PASSED] - Test Cases/Homage/Open Homage: Test Cases/Homage/Open Homage

2023-06-06 23:12:08 - [TEST_STEP][PASSED] - openBrowser("https://www.homage.sg/"): Browser is opened with url: 'https://www.homage.sg/'

2023-06-06 23:12:08 - [MESSAGE][WARNING] - A browser is already opened. Closing browser and opening a new one

2023-06-06 23:12:08 - [MESSAGE][INFO] - Starting 'Chrome' driver

2023-06-06 23:12:08 - [MESSAGE][INFO] - Action delay is set to 0 milliseconds

2023-06-06 23:12:16 - [MESSAGE][PASSED] - Browser is opened with url: 'https://www.homage.sg/'

2023-06-06 23:12:16 - [MESSAGE][PASSED] - Call Test Case 'Test Cases/Homage/Open Homage' successfully

2023-06-06 23:12:16 - [TEST_STEP][PASSED] - verifyElementPresent(findTestObject("Homagee/NavBar"), 0): Object 'Object Repository/Homagee/NavBar' is present

2023-06-06 23:12:17 - [MESSAGE][WARNING] - Timeout '0' is invalid. Using default page load timeout: '30'

2023-06-06 23:12:20 - [MESSAGE][PASSED] - Object 'Object Repository/Homagee/NavBar' is present

2023-06-06 23:12:20 - [TEST_STEP][PASSED] - scrollToElement(findTestObject("Homagee/section_Our Services"), 0): Scroll to object 'Object Repository/Homagee/section_Our Services' successfully

2023-06-06 23:12:20 - [MESSAGE][WARNING] - Timeout '0' is invalid. Using default page load timeout: '30'

2023-06-06 23:12:22 - [MESSAGE][PASSED] - Scroll to object 'Object Repository/Homagee/section_Our Services' successfully

2023-06-06 23:12:22 - [TEST_STEP][PASSED] - scrollToElement(findTestObject("Homagee/section_How Homage works"), 0): Scroll to object 'Object Repository/Homagee/section_How Homage works' successfully

2023-06-06 23:12:22 - [MESSAGE][WARNING] - Timeout '0' is invalid. Using default page load timeout: '30'

2023-06-06 23:12:24 - [MESSAGE][PASSED] - Scroll to object 'Object Repository/Homagee/section_How Homage works' successfully

2023-06-06 23:12:24 - [TEST_STEP][PASSED] - scrollToElement(findTestObject("Homagee/section_Why Families Prefer Homage"), 0): Scroll to object 'Object Repository/Homagee/section_Why Families Prefer Homage' successfully

2023-06-06 23:12:24 - [MESSAGE][WARNING] - Timeout '0' is invalid. Using default page load timeout: '30'

2023-06-06 23:12:26 - [MESSAGE][PASSED] - Scroll to object 'Object Repository/Homagee/section_Why Families Prefer Homage' successfully

2023-06-06 23:12:26 - [TEST_STEP][PASSED] - scrollToElement(findTestObject("Homagee/section_Medical Conditions"), 0): Scroll to object 'Object Repository/Homagee/section_Medical Conditions' successfully

2023-06-06 23:12:26 - [MESSAGE][WARNING] - Timeout '0' is invalid. Using default page load timeout: '30'

2023-06-06 23:12:28 - [MESSAGE][PASSED] - Scroll to object 'Object Repository/Homagee/section_Medical Conditions' successfully

2023-06-06 23:12:28 - [TEST_STEP][PASSED] - scrollToElement(findTestObject("Homagee/section_Some of our top categories in Singapore"), 0): Scroll to object 'Object Repository/Homagee/section_Some of our top categories in Singapore' successfully

2023-06-06 23:12:28 - [MESSAGE][WARNING] - Timeout '0' is invalid. Using default page load timeout: '30'

2023-06-06 23:12:30 - [MESSAGE][PASSED] - Scroll to object 'Object Repository/Homagee/section_Some of our top categories in Singapore' successfully]]></system-out>
         <system-err><![CDATA[]]></system-err>
      </testcase>
      <testcase name="Test Cases/Homage/Download Homage Page" time="20.101" classname="Test Cases/Homage/Download Homage Page" status="PASSED">
         <system-out><![CDATA[2023-06-06 23:12:30 - [TEST_CASE][PASSED] - Test Cases/Homage/Download Homage Page: Test Cases/Homage/Download Homage Page

2023-06-06 23:12:30 - [TEST_STEP][PASSED] - callTestCase(findTestCase("Homage/Open Homage"), [:], STOP_ON_FAILURE): Call Test Case 'Test Cases/Homage/Open Homage' successfully

2023-06-06 23:12:30 - [TEST_CASE][PASSED] - Test Cases/Homage/Open Homage: Test Cases/Homage/Open Homage

2023-06-06 23:12:30 - [TEST_STEP][PASSED] - openBrowser("https://www.homage.sg/"): Browser is opened with url: 'https://www.homage.sg/'

2023-06-06 23:12:30 - [MESSAGE][WARNING] - A browser is already opened. Closing browser and opening a new one

2023-06-06 23:12:30 - [MESSAGE][INFO] - Starting 'Chrome' driver

2023-06-06 23:12:30 - [MESSAGE][INFO] - Action delay is set to 0 milliseconds

2023-06-06 23:12:39 - [MESSAGE][PASSED] - Browser is opened with url: 'https://www.homage.sg/'

2023-06-06 23:12:39 - [MESSAGE][PASSED] - Call Test Case 'Test Cases/Homage/Open Homage' successfully

2023-06-06 23:12:39 - [TEST_STEP][PASSED] - click(findTestObject("Homagee/nav_About Us")): Object: 'Object Repository/Homagee/nav_About Us' is clicked on

2023-06-06 23:12:42 - [MESSAGE][PASSED] - Object: 'Object Repository/Homagee/nav_About Us' is clicked on

2023-06-06 23:12:42 - [TEST_STEP][PASSED] - click(findTestObject("Homagee/menu_Homage App")): Object: 'Object Repository/Homagee/menu_Homage App' is clicked on

2023-06-06 23:12:47 - [MESSAGE][PASSED] - Object: 'Object Repository/Homagee/menu_Homage App' is clicked on

2023-06-06 23:12:47 - [TEST_STEP][PASSED] - verifyElementPresent(findTestObject("Homagee/title_Homage app page"), 0): Object 'Object Repository/Homagee/title_Homage app page' is present

2023-06-06 23:12:47 - [MESSAGE][WARNING] - Timeout '0' is invalid. Using default page load timeout: '30'

2023-06-06 23:12:48 - [MESSAGE][PASSED] - Object 'Object Repository/Homagee/title_Homage app page' is present

2023-06-06 23:12:48 - [TEST_STEP][PASSED] - scrollToElement(findTestObject("Homagee/body_Homage app page"), 0): Scroll to object 'Object Repository/Homagee/body_Homage app page' successfully

2023-06-06 23:12:49 - [MESSAGE][WARNING] - Timeout '0' is invalid. Using default page load timeout: '30'

2023-06-06 23:12:49 - [MESSAGE][PASSED] - Scroll to object 'Object Repository/Homagee/body_Homage app page' successfully

2023-06-06 23:12:49 - [TEST_STEP][PASSED] - scrollToElement(findTestObject("Homagee/body_review app page"), 0): Scroll to object 'Object Repository/Homagee/body_review app page' successfully

2023-06-06 23:12:49 - [MESSAGE][WARNING] - Timeout '0' is invalid. Using default page load timeout: '30'

2023-06-06 23:12:50 - [MESSAGE][PASSED] - Scroll to object 'Object Repository/Homagee/body_review app page' successfully

2023-06-06 23:12:50 - [TEST_STEP][PASSED] - scrollToElement(findTestObject("Homagee/qr_homage app"), 0): Scroll to object 'Object Repository/Homagee/qr_homage app' successfully

2023-06-06 23:12:50 - [MESSAGE][WARNING] - Timeout '0' is invalid. Using default page load timeout: '30'

2023-06-06 23:12:50 - [MESSAGE][PASSED] - Scroll to object 'Object Repository/Homagee/qr_homage app' successfully]]></system-out>
         <system-err><![CDATA[]]></system-err>
      </testcase>
      <testcase name="Test Cases/Homage/Download Butto Check" time="9.866" classname="Test Cases/Homage/Download Butto Check" status="PASSED">
         <system-out><![CDATA[2023-06-06 23:12:50 - [TEST_CASE][PASSED] - Test Cases/Homage/Download Butto Check: Test Cases/Homage/Download Butto Check

2023-06-06 23:12:50 - [TEST_STEP][PASSED] - callTestCase(findTestCase("Homage/Open Homage"), [:], STOP_ON_FAILURE): Call Test Case 'Test Cases/Homage/Open Homage' successfully

2023-06-06 23:12:50 - [TEST_CASE][PASSED] - Test Cases/Homage/Open Homage: Test Cases/Homage/Open Homage

2023-06-06 23:12:50 - [TEST_STEP][PASSED] - openBrowser("https://www.homage.sg/"): Browser is opened with url: 'https://www.homage.sg/'

2023-06-06 23:12:50 - [MESSAGE][WARNING] - A browser is already opened. Closing browser and opening a new one

2023-06-06 23:12:50 - [MESSAGE][INFO] - Starting 'Chrome' driver

2023-06-06 23:12:50 - [MESSAGE][INFO] - Action delay is set to 0 milliseconds

2023-06-06 23:12:57 - [MESSAGE][PASSED] - Browser is opened with url: 'https://www.homage.sg/'

2023-06-06 23:12:57 - [MESSAGE][PASSED] - Call Test Case 'Test Cases/Homage/Open Homage' successfully

2023-06-06 23:12:57 - [TEST_STEP][PASSED] - click(findTestObject("Homagee/button_Get Care Now")): Object: 'Object Repository/Homagee/button_Get Care Now' is clicked on

2023-06-06 23:12:59 - [MESSAGE][PASSED] - Object: 'Object Repository/Homagee/button_Get Care Now' is clicked on

2023-06-06 23:12:59 - [TEST_STEP][PASSED] - verifyElementPresent(findTestObject("Homagee/description_homage"), 0): Object 'Object Repository/Homagee/description_homage' is present

2023-06-06 23:12:59 - [MESSAGE][WARNING] - Timeout '0' is invalid. Using default page load timeout: '30'

2023-06-06 23:12:59 - [MESSAGE][PASSED] - Object 'Object Repository/Homagee/description_homage' is present

2023-06-06 23:12:59 - [TEST_STEP][PASSED] - scrollToElement(findTestObject("Homagee/section_Speak to our Care Advisors"), 0): Scroll to object 'Object Repository/Homagee/section_Speak to our Care Advisors' successfully

2023-06-06 23:12:59 - [MESSAGE][WARNING] - Timeout '0' is invalid. Using default page load timeout: '30'

2023-06-06 23:13:00 - [MESSAGE][PASSED] - Scroll to object 'Object Repository/Homagee/section_Speak to our Care Advisors' successfully]]></system-out>
         <system-err><![CDATA[]]></system-err>
      </testcase>
      <system-out><![CDATA[2023-06-06 23:11:57 - [TEST_SUITE][PASSED] - Homage: Test Cases/Homage/Download Butto Check]]></system-out>
      <system-err><![CDATA[]]></system-err>
   </testsuite>
</testsuites>
