<?xml version="1.0" encoding="UTF-8"?>
<testsuites name="Ovo" time="32.812" tests="6" failures="0" errors="0">
   <testsuite name="Ovo" tests="6" failures="0" errors="0" time="32.812" skipped="0" timestamp="2023-06-08 23:25:48" hostname="elizabethchan - localhost" id="Test Suites/Ovo">
      <properties>
         <property name="deviceName" value=""/>
         <property name="devicePlatform" value=""/>
         <property name="logFolder" value="/Users/elizabethchan/Downloads/git/Katalon/Reports/20230608_232539/Ovo/20230608_232540"/>
         <property name="logFiles" value="/Users/elizabethchan/Downloads/git/Katalon/Reports/20230608_232539/Ovo/20230608_232540/execution0.log"/>
         <property name="attachments" value=""/>
         <property name="hostName" value="elizabethchan - localhost"/>
         <property name="os" value="Mac OS X 64bit"/>
         <property name="katalonVersion" value="8.6.5.208"/>
         <property name="browser" value="Chrome 114.0.0.0"/>
         <property name="hostAddress" value="127.0.0.1"/>
         <property name="sessionId" value="bd31614c7943c4229741ee3b5cf069f5"/>
         <property name="seleniumVersion" value="3.141.59"/>
         <property name="proxyInformation" value="ProxyInformation { proxyOption=NO_PROXY, proxyServerType=HTTP, username=, password=********, proxyServerAddress=, proxyServerPort=0, executionList=&quot;&quot;, isApplyToDesiredCapabilities=true }"/>
         <property name="platform" value="Mac OS X"/>
      </properties>
      <testcase name="Test Cases/Ovo/Check About Us Ovo" time="6.782" classname="Test Cases/Ovo/Check About Us Ovo" status="PASSED">
         <system-out><![CDATA[2023-06-08 23:25:49 - [TEST_CASE][PASSED] - Test Cases/Ovo/Check About Us Ovo: Test Cases/Ovo/Check About Us Ovo

2023-06-08 23:25:49 - [TEST_STEP][PASSED] - callTestCase(findTestCase("Ovo/Open Home Menu"), [:], STOP_ON_FAILURE): Call Test Case 'Test Cases/Ovo/Open Home Menu' successfully

2023-06-08 23:25:49 - [TEST_CASE][PASSED] - Test Cases/Ovo/Open Home Menu: Test Cases/Ovo/Open Home Menu

2023-06-08 23:25:49 - [TEST_STEP][PASSED] - openBrowser("https://www.ovo.id/"): Browser is opened with url: 'https://www.ovo.id/'

2023-06-08 23:25:49 - [MESSAGE][INFO] - Starting 'Chrome' driver

2023-06-08 23:25:49 - [MESSAGE][INFO] - Action delay is set to 0 milliseconds

2023-06-08 23:25:53 - [MESSAGE][PASSED] - Browser is opened with url: 'https://www.ovo.id/'

2023-06-08 23:25:53 - [TEST_STEP][PASSED] - verifyElementPresent(findTestObject("OVO/homeMenu"), 0): Object 'Object Repository/OVO/homeMenu' is present

2023-06-08 23:25:53 - [MESSAGE][WARNING] - Timeout '0' is invalid. Using default page load timeout: '30'

2023-06-08 23:25:53 - [MESSAGE][PASSED] - Object 'Object Repository/OVO/homeMenu' is present

2023-06-08 23:25:53 - [TEST_STEP][PASSED] - click(findTestObject("OVO/homeMenu")): Object: 'Object Repository/OVO/homeMenu' is clicked on

2023-06-08 23:25:54 - [MESSAGE][PASSED] - Object: 'Object Repository/OVO/homeMenu' is clicked on

2023-06-08 23:25:54 - [MESSAGE][PASSED] - Call Test Case 'Test Cases/Ovo/Open Home Menu' successfully

2023-06-08 23:25:54 - [TEST_STEP][PASSED] - click(findTestObject("OVO/menu_About Us")): Object: 'Object Repository/OVO/menu_About Us' is clicked on

2023-06-08 23:25:55 - [MESSAGE][PASSED] - Object: 'Object Repository/OVO/menu_About Us' is clicked on

2023-06-08 23:25:55 - [TEST_STEP][PASSED] - verifyElementPresent(findTestObject("OVO/aboutus_title"), 0): Object 'Object Repository/OVO/aboutus_title' is present

2023-06-08 23:25:55 - [MESSAGE][WARNING] - Timeout '0' is invalid. Using default page load timeout: '30'

2023-06-08 23:25:55 - [MESSAGE][PASSED] - Object 'Object Repository/OVO/aboutus_title' is present

2023-06-08 23:25:55 - [TEST_STEP][PASSED] - scrollToElement(findTestObject("OVO/aboutus_section"), 0): Scroll to object 'Object Repository/OVO/aboutus_section' successfully

2023-06-08 23:25:55 - [MESSAGE][WARNING] - Timeout '0' is invalid. Using default page load timeout: '30'

2023-06-08 23:25:55 - [MESSAGE][PASSED] - Scroll to object 'Object Repository/OVO/aboutus_section' successfully]]></system-out>
         <system-err><![CDATA[]]></system-err>
      </testcase>
      <testcase name="Test Cases/Ovo/Check deals ovo" time="5.601" classname="Test Cases/Ovo/Check deals ovo" status="PASSED">
         <system-out><![CDATA[2023-06-08 23:25:55 - [TEST_CASE][PASSED] - Test Cases/Ovo/Check deals ovo: Test Cases/Ovo/Check deals ovo

2023-06-08 23:25:56 - [TEST_STEP][PASSED] - callTestCase(findTestCase("Ovo/Open Home Menu"), [:], STOP_ON_FAILURE): Call Test Case 'Test Cases/Ovo/Open Home Menu' successfully

2023-06-08 23:25:56 - [TEST_CASE][PASSED] - Test Cases/Ovo/Open Home Menu: Test Cases/Ovo/Open Home Menu

2023-06-08 23:25:56 - [TEST_STEP][PASSED] - openBrowser("https://www.ovo.id/"): Browser is opened with url: 'https://www.ovo.id/'

2023-06-08 23:25:56 - [MESSAGE][WARNING] - A browser is already opened. Closing browser and opening a new one

2023-06-08 23:25:56 - [MESSAGE][INFO] - Starting 'Chrome' driver

2023-06-08 23:25:56 - [MESSAGE][INFO] - Action delay is set to 0 milliseconds

2023-06-08 23:25:59 - [MESSAGE][PASSED] - Browser is opened with url: 'https://www.ovo.id/'

2023-06-08 23:25:59 - [TEST_STEP][PASSED] - verifyElementPresent(findTestObject("OVO/homeMenu"), 0): Object 'Object Repository/OVO/homeMenu' is present

2023-06-08 23:25:59 - [MESSAGE][WARNING] - Timeout '0' is invalid. Using default page load timeout: '30'

2023-06-08 23:25:59 - [MESSAGE][PASSED] - Object 'Object Repository/OVO/homeMenu' is present

2023-06-08 23:25:59 - [TEST_STEP][PASSED] - click(findTestObject("OVO/homeMenu")): Object: 'Object Repository/OVO/homeMenu' is clicked on

2023-06-08 23:25:59 - [MESSAGE][PASSED] - Object: 'Object Repository/OVO/homeMenu' is clicked on

2023-06-08 23:25:59 - [MESSAGE][PASSED] - Call Test Case 'Test Cases/Ovo/Open Home Menu' successfully

2023-06-08 23:25:59 - [TEST_STEP][PASSED] - click(findTestObject("OVO/menu_Deals")): Object: 'Object Repository/OVO/menu_Deals' is clicked on

2023-06-08 23:26:00 - [MESSAGE][PASSED] - Object: 'Object Repository/OVO/menu_Deals' is clicked on

2023-06-08 23:26:00 - [TEST_STEP][PASSED] - verifyElementPresent(findTestObject("OVO/title_Deals"), 0): Object 'Object Repository/OVO/title_Deals' is present

2023-06-08 23:26:00 - [MESSAGE][WARNING] - Timeout '0' is invalid. Using default page load timeout: '30'

2023-06-08 23:26:01 - [MESSAGE][PASSED] - Object 'Object Repository/OVO/title_Deals' is present

2023-06-08 23:26:01 - [TEST_STEP][PASSED] - scrollToElement(findTestObject("OVO/section_Deals"), 0): Scroll to object 'Object Repository/OVO/section_Deals' successfully

2023-06-08 23:26:01 - [MESSAGE][WARNING] - Timeout '0' is invalid. Using default page load timeout: '30'

2023-06-08 23:26:01 - [MESSAGE][PASSED] - Scroll to object 'Object Repository/OVO/section_Deals' successfully]]></system-out>
         <system-err><![CDATA[]]></system-err>
      </testcase>
      <testcase name="Test Cases/Ovo/Check feature ovo website" time="5.21" classname="Test Cases/Ovo/Check feature ovo website" status="PASSED">
         <system-out><![CDATA[2023-06-08 23:26:01 - [TEST_CASE][PASSED] - Test Cases/Ovo/Check feature ovo website: Test Cases/Ovo/Check feature ovo website

2023-06-08 23:26:01 - [TEST_STEP][PASSED] - callTestCase(findTestCase("Ovo/Open Home Menu"), [:], STOP_ON_FAILURE): Call Test Case 'Test Cases/Ovo/Open Home Menu' successfully

2023-06-08 23:26:01 - [TEST_CASE][PASSED] - Test Cases/Ovo/Open Home Menu: Test Cases/Ovo/Open Home Menu

2023-06-08 23:26:01 - [TEST_STEP][PASSED] - openBrowser("https://www.ovo.id/"): Browser is opened with url: 'https://www.ovo.id/'

2023-06-08 23:26:01 - [MESSAGE][WARNING] - A browser is already opened. Closing browser and opening a new one

2023-06-08 23:26:01 - [MESSAGE][INFO] - Starting 'Chrome' driver

2023-06-08 23:26:01 - [MESSAGE][INFO] - Action delay is set to 0 milliseconds

2023-06-08 23:26:04 - [MESSAGE][PASSED] - Browser is opened with url: 'https://www.ovo.id/'

2023-06-08 23:26:04 - [TEST_STEP][PASSED] - verifyElementPresent(findTestObject("OVO/homeMenu"), 0): Object 'Object Repository/OVO/homeMenu' is present

2023-06-08 23:26:04 - [MESSAGE][WARNING] - Timeout '0' is invalid. Using default page load timeout: '30'

2023-06-08 23:26:04 - [MESSAGE][PASSED] - Object 'Object Repository/OVO/homeMenu' is present

2023-06-08 23:26:04 - [TEST_STEP][PASSED] - click(findTestObject("OVO/homeMenu")): Object: 'Object Repository/OVO/homeMenu' is clicked on

2023-06-08 23:26:05 - [MESSAGE][PASSED] - Object: 'Object Repository/OVO/homeMenu' is clicked on

2023-06-08 23:26:05 - [MESSAGE][PASSED] - Call Test Case 'Test Cases/Ovo/Open Home Menu' successfully

2023-06-08 23:26:05 - [TEST_STEP][PASSED] - click(findTestObject("OVO/menu_Features")): Object: 'Object Repository/OVO/menu_Features' is clicked on

2023-06-08 23:26:06 - [MESSAGE][PASSED] - Object: 'Object Repository/OVO/menu_Features' is clicked on

2023-06-08 23:26:06 - [TEST_STEP][PASSED] - scrollToElement(findTestObject("OVO/feature_section"), 0): Scroll to object 'Object Repository/OVO/feature_section' successfully

2023-06-08 23:26:06 - [MESSAGE][WARNING] - Timeout '0' is invalid. Using default page load timeout: '30'

2023-06-08 23:26:06 - [MESSAGE][PASSED] - Scroll to object 'Object Repository/OVO/feature_section' successfully]]></system-out>
         <system-err><![CDATA[]]></system-err>
      </testcase>
      <testcase name="Test Cases/Ovo/Check merchant ovo" time="5.643" classname="Test Cases/Ovo/Check merchant ovo" status="PASSED">
         <system-out><![CDATA[2023-06-08 23:26:06 - [TEST_CASE][PASSED] - Test Cases/Ovo/Check merchant ovo: Test Cases/Ovo/Check merchant ovo

2023-06-08 23:26:06 - [TEST_STEP][PASSED] - callTestCase(findTestCase("Ovo/Open Home Menu"), [:], STOP_ON_FAILURE): Call Test Case 'Test Cases/Ovo/Open Home Menu' successfully

2023-06-08 23:26:06 - [TEST_CASE][PASSED] - Test Cases/Ovo/Open Home Menu: Test Cases/Ovo/Open Home Menu

2023-06-08 23:26:06 - [TEST_STEP][PASSED] - openBrowser("https://www.ovo.id/"): Browser is opened with url: 'https://www.ovo.id/'

2023-06-08 23:26:06 - [MESSAGE][WARNING] - A browser is already opened. Closing browser and opening a new one

2023-06-08 23:26:07 - [MESSAGE][INFO] - Starting 'Chrome' driver

2023-06-08 23:26:07 - [MESSAGE][INFO] - Action delay is set to 0 milliseconds

2023-06-08 23:26:09 - [MESSAGE][PASSED] - Browser is opened with url: 'https://www.ovo.id/'

2023-06-08 23:26:09 - [TEST_STEP][PASSED] - verifyElementPresent(findTestObject("OVO/homeMenu"), 0): Object 'Object Repository/OVO/homeMenu' is present

2023-06-08 23:26:10 - [MESSAGE][WARNING] - Timeout '0' is invalid. Using default page load timeout: '30'

2023-06-08 23:26:10 - [MESSAGE][PASSED] - Object 'Object Repository/OVO/homeMenu' is present

2023-06-08 23:26:10 - [TEST_STEP][PASSED] - click(findTestObject("OVO/homeMenu")): Object: 'Object Repository/OVO/homeMenu' is clicked on

2023-06-08 23:26:10 - [MESSAGE][PASSED] - Object: 'Object Repository/OVO/homeMenu' is clicked on

2023-06-08 23:26:10 - [MESSAGE][PASSED] - Call Test Case 'Test Cases/Ovo/Open Home Menu' successfully

2023-06-08 23:26:10 - [TEST_STEP][PASSED] - click(findTestObject("OVO/menu_Merchants")): Object: 'Object Repository/OVO/menu_Merchants' is clicked on

2023-06-08 23:26:11 - [MESSAGE][PASSED] - Object: 'Object Repository/OVO/menu_Merchants' is clicked on

2023-06-08 23:26:11 - [TEST_STEP][PASSED] - verifyElementPresent(findTestObject("OVO/title_Merchants"), 0): Object 'Object Repository/OVO/title_Merchants' is present

2023-06-08 23:26:11 - [MESSAGE][WARNING] - Timeout '0' is invalid. Using default page load timeout: '30'

2023-06-08 23:26:12 - [MESSAGE][PASSED] - Object 'Object Repository/OVO/title_Merchants' is present

2023-06-08 23:26:12 - [TEST_STEP][PASSED] - scrollToElement(findTestObject("OVO/section_Merchants"), 0): Scroll to object 'Object Repository/OVO/section_Merchants' successfully

2023-06-08 23:26:12 - [MESSAGE][WARNING] - Timeout '0' is invalid. Using default page load timeout: '30'

2023-06-08 23:26:12 - [MESSAGE][PASSED] - Scroll to object 'Object Repository/OVO/section_Merchants' successfully]]></system-out>
         <system-err><![CDATA[]]></system-err>
      </testcase>
      <testcase name="Test Cases/Ovo/Check news ovo" time="5.679" classname="Test Cases/Ovo/Check news ovo" status="PASSED">
         <system-out><![CDATA[2023-06-08 23:26:12 - [TEST_CASE][PASSED] - Test Cases/Ovo/Check news ovo: Test Cases/Ovo/Check news ovo

2023-06-08 23:26:12 - [TEST_STEP][PASSED] - callTestCase(findTestCase("Ovo/Open Home Menu"), [:], STOP_ON_FAILURE): Call Test Case 'Test Cases/Ovo/Open Home Menu' successfully

2023-06-08 23:26:12 - [TEST_CASE][PASSED] - Test Cases/Ovo/Open Home Menu: Test Cases/Ovo/Open Home Menu

2023-06-08 23:26:12 - [TEST_STEP][PASSED] - openBrowser("https://www.ovo.id/"): Browser is opened with url: 'https://www.ovo.id/'

2023-06-08 23:26:12 - [MESSAGE][WARNING] - A browser is already opened. Closing browser and opening a new one

2023-06-08 23:26:12 - [MESSAGE][INFO] - Starting 'Chrome' driver

2023-06-08 23:26:12 - [MESSAGE][INFO] - Action delay is set to 0 milliseconds

2023-06-08 23:26:15 - [MESSAGE][PASSED] - Browser is opened with url: 'https://www.ovo.id/'

2023-06-08 23:26:15 - [TEST_STEP][PASSED] - verifyElementPresent(findTestObject("OVO/homeMenu"), 0): Object 'Object Repository/OVO/homeMenu' is present

2023-06-08 23:26:15 - [MESSAGE][WARNING] - Timeout '0' is invalid. Using default page load timeout: '30'

2023-06-08 23:26:15 - [MESSAGE][PASSED] - Object 'Object Repository/OVO/homeMenu' is present

2023-06-08 23:26:15 - [TEST_STEP][PASSED] - click(findTestObject("OVO/homeMenu")): Object: 'Object Repository/OVO/homeMenu' is clicked on

2023-06-08 23:26:16 - [MESSAGE][PASSED] - Object: 'Object Repository/OVO/homeMenu' is clicked on

2023-06-08 23:26:16 - [MESSAGE][PASSED] - Call Test Case 'Test Cases/Ovo/Open Home Menu' successfully

2023-06-08 23:26:16 - [TEST_STEP][PASSED] - click(findTestObject("OVO/menu_News")): Object: 'Object Repository/OVO/menu_News' is clicked on

2023-06-08 23:26:17 - [MESSAGE][PASSED] - Object: 'Object Repository/OVO/menu_News' is clicked on

2023-06-08 23:26:17 - [TEST_STEP][PASSED] - verifyElementPresent(findTestObject("OVO/title_News"), 0): Object 'Object Repository/OVO/title_News' is present

2023-06-08 23:26:17 - [MESSAGE][WARNING] - Timeout '0' is invalid. Using default page load timeout: '30'

2023-06-08 23:26:17 - [MESSAGE][PASSED] - Object 'Object Repository/OVO/title_News' is present

2023-06-08 23:26:17 - [TEST_STEP][PASSED] - scrollToElement(findTestObject("OVO/section_News"), 0): Scroll to object 'Object Repository/OVO/section_News' successfully

2023-06-08 23:26:17 - [MESSAGE][WARNING] - Timeout '0' is invalid. Using default page load timeout: '30'

2023-06-08 23:26:18 - [MESSAGE][PASSED] - Scroll to object 'Object Repository/OVO/section_News' successfully]]></system-out>
         <system-err><![CDATA[]]></system-err>
      </testcase>
      <testcase name="Test Cases/Ovo/Open Home Menu" time="3.684" classname="Test Cases/Ovo/Open Home Menu" status="PASSED">
         <system-out><![CDATA[2023-06-08 23:26:18 - [TEST_CASE][PASSED] - Test Cases/Ovo/Open Home Menu: Test Cases/Ovo/Open Home Menu

2023-06-08 23:26:18 - [TEST_STEP][PASSED] - openBrowser("https://www.ovo.id/"): Browser is opened with url: 'https://www.ovo.id/'

2023-06-08 23:26:18 - [MESSAGE][WARNING] - A browser is already opened. Closing browser and opening a new one

2023-06-08 23:26:18 - [MESSAGE][INFO] - Starting 'Chrome' driver

2023-06-08 23:26:18 - [MESSAGE][INFO] - Action delay is set to 0 milliseconds

2023-06-08 23:26:21 - [MESSAGE][PASSED] - Browser is opened with url: 'https://www.ovo.id/'

2023-06-08 23:26:21 - [TEST_STEP][PASSED] - verifyElementPresent(findTestObject("OVO/homeMenu"), 0): Object 'Object Repository/OVO/homeMenu' is present

2023-06-08 23:26:21 - [MESSAGE][WARNING] - Timeout '0' is invalid. Using default page load timeout: '30'

2023-06-08 23:26:21 - [MESSAGE][PASSED] - Object 'Object Repository/OVO/homeMenu' is present

2023-06-08 23:26:21 - [TEST_STEP][PASSED] - click(findTestObject("OVO/homeMenu")): Object: 'Object Repository/OVO/homeMenu' is clicked on

2023-06-08 23:26:21 - [MESSAGE][PASSED] - Object: 'Object Repository/OVO/homeMenu' is clicked on]]></system-out>
         <system-err><![CDATA[]]></system-err>
      </testcase>
      <system-out><![CDATA[2023-06-08 23:25:48 - [TEST_SUITE][PASSED] - Ovo: Test Cases/Ovo/Open Home Menu]]></system-out>
      <system-err><![CDATA[]]></system-err>
   </testsuite>
</testsuites>
