<?xml version="1.0" encoding="UTF-8"?>
<testsuites name="Ovo" time="75.804" tests="6" failures="0" errors="0">
   <testsuite name="Ovo" tests="6" failures="0" errors="0" time="75.804" skipped="0" timestamp="2023-06-06 23:13:14" hostname="elizabethchan - localhost" id="Test Suites/Ovo">
      <properties>
         <property name="deviceName" value=""/>
         <property name="devicePlatform" value=""/>
         <property name="logFolder" value="/Users/elizabethchan/Downloads/git/Katalon/Reports/20230606_231108/Ovo/20230606_231111"/>
         <property name="logFiles" value="/Users/elizabethchan/Downloads/git/Katalon/Reports/20230606_231108/Ovo/20230606_231111/execution0.log"/>
         <property name="attachments" value=""/>
         <property name="hostName" value="elizabethchan - localhost"/>
         <property name="os" value="Mac OS X 64bit"/>
         <property name="katalonVersion" value="8.6.0.208"/>
         <property name="browser" value="Chrome 114.0.0.0"/>
         <property name="hostAddress" value="192.168.0.110"/>
         <property name="sessionId" value="fcb6b08b3eba618271ac6decf744beec"/>
         <property name="seleniumVersion" value="3.141.59"/>
         <property name="proxyInformation" value="ProxyInformation { proxyOption=NO_PROXY, proxyServerType=HTTP, username=, password=********, proxyServerAddress=, proxyServerPort=0, executionList=&quot;&quot;, isApplyToDesiredCapabilities=true }"/>
         <property name="platform" value="Mac OS X"/>
      </properties>
      <testcase name="Test Cases/Ovo/Check About Us Ovo" time="15.448" classname="Test Cases/Ovo/Check About Us Ovo" status="PASSED">
         <system-out><![CDATA[2023-06-06 23:13:14 - [TEST_CASE][PASSED] - Test Cases/Ovo/Check About Us Ovo: Test Cases/Ovo/Check About Us Ovo

2023-06-06 23:13:15 - [TEST_STEP][PASSED] - callTestCase(findTestCase("Ovo/Open Home Menu"), [:], STOP_ON_FAILURE): Call Test Case 'Test Cases/Ovo/Open Home Menu' successfully

2023-06-06 23:13:15 - [TEST_CASE][PASSED] - Test Cases/Ovo/Open Home Menu: Test Cases/Ovo/Open Home Menu

2023-06-06 23:13:15 - [TEST_STEP][PASSED] - openBrowser("https://www.ovo.id/"): Browser is opened with url: 'https://www.ovo.id/'

2023-06-06 23:13:15 - [MESSAGE][INFO] - Starting 'Chrome' driver

2023-06-06 23:13:15 - [MESSAGE][INFO] - Action delay is set to 0 milliseconds

2023-06-06 23:13:20 - [MESSAGE][PASSED] - Browser is opened with url: 'https://www.ovo.id/'

2023-06-06 23:13:20 - [TEST_STEP][PASSED] - verifyElementPresent(findTestObject("OVO/homeMenu"), 0): Object 'Object Repository/OVO/homeMenu' is present

2023-06-06 23:13:20 - [MESSAGE][WARNING] - Timeout '0' is invalid. Using default page load timeout: '30'

2023-06-06 23:13:22 - [MESSAGE][PASSED] - Object 'Object Repository/OVO/homeMenu' is present

2023-06-06 23:13:22 - [TEST_STEP][PASSED] - click(findTestObject("OVO/homeMenu")): Object: 'Object Repository/OVO/homeMenu' is clicked on

2023-06-06 23:13:24 - [MESSAGE][PASSED] - Object: 'Object Repository/OVO/homeMenu' is clicked on

2023-06-06 23:13:24 - [MESSAGE][PASSED] - Call Test Case 'Test Cases/Ovo/Open Home Menu' successfully

2023-06-06 23:13:24 - [TEST_STEP][PASSED] - click(findTestObject("OVO/menu_About Us")): Object: 'Object Repository/OVO/menu_About Us' is clicked on

2023-06-06 23:13:26 - [MESSAGE][PASSED] - Object: 'Object Repository/OVO/menu_About Us' is clicked on

2023-06-06 23:13:26 - [TEST_STEP][PASSED] - verifyElementPresent(findTestObject("OVO/aboutus_title"), 0): Object 'Object Repository/OVO/aboutus_title' is present

2023-06-06 23:13:27 - [MESSAGE][WARNING] - Timeout '0' is invalid. Using default page load timeout: '30'

2023-06-06 23:13:28 - [MESSAGE][PASSED] - Object 'Object Repository/OVO/aboutus_title' is present

2023-06-06 23:13:28 - [TEST_STEP][PASSED] - scrollToElement(findTestObject("OVO/aboutus_section"), 0): Scroll to object 'Object Repository/OVO/aboutus_section' successfully

2023-06-06 23:13:28 - [MESSAGE][WARNING] - Timeout '0' is invalid. Using default page load timeout: '30'

2023-06-06 23:13:30 - [MESSAGE][PASSED] - Scroll to object 'Object Repository/OVO/aboutus_section' successfully]]></system-out>
         <system-err><![CDATA[]]></system-err>
      </testcase>
      <testcase name="Test Cases/Ovo/Check deals ovo" time="15.062" classname="Test Cases/Ovo/Check deals ovo" status="PASSED">
         <system-out><![CDATA[2023-06-06 23:13:30 - [TEST_CASE][PASSED] - Test Cases/Ovo/Check deals ovo: Test Cases/Ovo/Check deals ovo

2023-06-06 23:13:30 - [TEST_STEP][PASSED] - callTestCase(findTestCase("Ovo/Open Home Menu"), [:], STOP_ON_FAILURE): Call Test Case 'Test Cases/Ovo/Open Home Menu' successfully

2023-06-06 23:13:30 - [TEST_CASE][PASSED] - Test Cases/Ovo/Open Home Menu: Test Cases/Ovo/Open Home Menu

2023-06-06 23:13:30 - [TEST_STEP][PASSED] - openBrowser("https://www.ovo.id/"): Browser is opened with url: 'https://www.ovo.id/'

2023-06-06 23:13:30 - [MESSAGE][WARNING] - A browser is already opened. Closing browser and opening a new one

2023-06-06 23:13:30 - [MESSAGE][INFO] - Starting 'Chrome' driver

2023-06-06 23:13:30 - [MESSAGE][INFO] - Action delay is set to 0 milliseconds

2023-06-06 23:13:34 - [MESSAGE][PASSED] - Browser is opened with url: 'https://www.ovo.id/'

2023-06-06 23:13:34 - [TEST_STEP][PASSED] - verifyElementPresent(findTestObject("OVO/homeMenu"), 0): Object 'Object Repository/OVO/homeMenu' is present

2023-06-06 23:13:34 - [MESSAGE][WARNING] - Timeout '0' is invalid. Using default page load timeout: '30'

2023-06-06 23:13:36 - [MESSAGE][PASSED] - Object 'Object Repository/OVO/homeMenu' is present

2023-06-06 23:13:36 - [TEST_STEP][PASSED] - click(findTestObject("OVO/homeMenu")): Object: 'Object Repository/OVO/homeMenu' is clicked on

2023-06-06 23:13:38 - [MESSAGE][PASSED] - Object: 'Object Repository/OVO/homeMenu' is clicked on

2023-06-06 23:13:38 - [MESSAGE][PASSED] - Call Test Case 'Test Cases/Ovo/Open Home Menu' successfully

2023-06-06 23:13:38 - [TEST_STEP][PASSED] - click(findTestObject("OVO/menu_Deals")): Object: 'Object Repository/OVO/menu_Deals' is clicked on

2023-06-06 23:13:41 - [MESSAGE][PASSED] - Object: 'Object Repository/OVO/menu_Deals' is clicked on

2023-06-06 23:13:41 - [TEST_STEP][PASSED] - verifyElementPresent(findTestObject("OVO/title_Deals"), 0): Object 'Object Repository/OVO/title_Deals' is present

2023-06-06 23:13:41 - [MESSAGE][WARNING] - Timeout '0' is invalid. Using default page load timeout: '30'

2023-06-06 23:13:43 - [MESSAGE][PASSED] - Object 'Object Repository/OVO/title_Deals' is present

2023-06-06 23:13:43 - [TEST_STEP][PASSED] - scrollToElement(findTestObject("OVO/section_Deals"), 0): Scroll to object 'Object Repository/OVO/section_Deals' successfully

2023-06-06 23:13:43 - [MESSAGE][WARNING] - Timeout '0' is invalid. Using default page load timeout: '30'

2023-06-06 23:13:45 - [MESSAGE][PASSED] - Scroll to object 'Object Repository/OVO/section_Deals' successfully]]></system-out>
         <system-err><![CDATA[]]></system-err>
      </testcase>
      <testcase name="Test Cases/Ovo/Check feature ovo website" time="14.935" classname="Test Cases/Ovo/Check feature ovo website" status="PASSED">
         <system-out><![CDATA[2023-06-06 23:13:45 - [TEST_CASE][PASSED] - Test Cases/Ovo/Check feature ovo website: Test Cases/Ovo/Check feature ovo website

2023-06-06 23:13:45 - [TEST_STEP][PASSED] - callTestCase(findTestCase("Ovo/Open Home Menu"), [:], STOP_ON_FAILURE): Call Test Case 'Test Cases/Ovo/Open Home Menu' successfully

2023-06-06 23:13:45 - [TEST_CASE][PASSED] - Test Cases/Ovo/Open Home Menu: Test Cases/Ovo/Open Home Menu

2023-06-06 23:13:45 - [TEST_STEP][PASSED] - openBrowser("https://www.ovo.id/"): Browser is opened with url: 'https://www.ovo.id/'

2023-06-06 23:13:45 - [MESSAGE][WARNING] - A browser is already opened. Closing browser and opening a new one

2023-06-06 23:13:45 - [MESSAGE][INFO] - Starting 'Chrome' driver

2023-06-06 23:13:45 - [MESSAGE][INFO] - Action delay is set to 0 milliseconds

2023-06-06 23:13:51 - [MESSAGE][PASSED] - Browser is opened with url: 'https://www.ovo.id/'

2023-06-06 23:13:51 - [TEST_STEP][PASSED] - verifyElementPresent(findTestObject("OVO/homeMenu"), 0): Object 'Object Repository/OVO/homeMenu' is present

2023-06-06 23:13:51 - [MESSAGE][WARNING] - Timeout '0' is invalid. Using default page load timeout: '30'

2023-06-06 23:13:53 - [MESSAGE][PASSED] - Object 'Object Repository/OVO/homeMenu' is present

2023-06-06 23:13:53 - [TEST_STEP][PASSED] - click(findTestObject("OVO/homeMenu")): Object: 'Object Repository/OVO/homeMenu' is clicked on

2023-06-06 23:13:55 - [MESSAGE][PASSED] - Object: 'Object Repository/OVO/homeMenu' is clicked on

2023-06-06 23:13:55 - [MESSAGE][PASSED] - Call Test Case 'Test Cases/Ovo/Open Home Menu' successfully

2023-06-06 23:13:55 - [TEST_STEP][PASSED] - click(findTestObject("OVO/menu_Features")): Object: 'Object Repository/OVO/menu_Features' is clicked on

2023-06-06 23:13:58 - [MESSAGE][PASSED] - Object: 'Object Repository/OVO/menu_Features' is clicked on

2023-06-06 23:13:58 - [TEST_STEP][PASSED] - scrollToElement(findTestObject("OVO/feature_section"), 0): Scroll to object 'Object Repository/OVO/feature_section' successfully

2023-06-06 23:13:58 - [MESSAGE][WARNING] - Timeout '0' is invalid. Using default page load timeout: '30'

2023-06-06 23:14:00 - [MESSAGE][PASSED] - Scroll to object 'Object Repository/OVO/feature_section' successfully]]></system-out>
         <system-err><![CDATA[]]></system-err>
      </testcase>
      <testcase name="Test Cases/Ovo/Check merchant ovo" time="8.568" classname="Test Cases/Ovo/Check merchant ovo" status="PASSED">
         <system-out><![CDATA[2023-06-06 23:14:00 - [TEST_CASE][PASSED] - Test Cases/Ovo/Check merchant ovo: Test Cases/Ovo/Check merchant ovo

2023-06-06 23:14:00 - [TEST_STEP][PASSED] - callTestCase(findTestCase("Ovo/Open Home Menu"), [:], STOP_ON_FAILURE): Call Test Case 'Test Cases/Ovo/Open Home Menu' successfully

2023-06-06 23:14:00 - [TEST_CASE][PASSED] - Test Cases/Ovo/Open Home Menu: Test Cases/Ovo/Open Home Menu

2023-06-06 23:14:00 - [TEST_STEP][PASSED] - openBrowser("https://www.ovo.id/"): Browser is opened with url: 'https://www.ovo.id/'

2023-06-06 23:14:00 - [MESSAGE][WARNING] - A browser is already opened. Closing browser and opening a new one

2023-06-06 23:14:00 - [MESSAGE][INFO] - Starting 'Chrome' driver

2023-06-06 23:14:00 - [MESSAGE][INFO] - Action delay is set to 0 milliseconds

2023-06-06 23:14:06 - [MESSAGE][PASSED] - Browser is opened with url: 'https://www.ovo.id/'

2023-06-06 23:14:06 - [TEST_STEP][PASSED] - verifyElementPresent(findTestObject("OVO/homeMenu"), 0): Object 'Object Repository/OVO/homeMenu' is present

2023-06-06 23:14:06 - [MESSAGE][WARNING] - Timeout '0' is invalid. Using default page load timeout: '30'

2023-06-06 23:14:06 - [MESSAGE][PASSED] - Object 'Object Repository/OVO/homeMenu' is present

2023-06-06 23:14:06 - [TEST_STEP][PASSED] - click(findTestObject("OVO/homeMenu")): Object: 'Object Repository/OVO/homeMenu' is clicked on

2023-06-06 23:14:06 - [MESSAGE][PASSED] - Object: 'Object Repository/OVO/homeMenu' is clicked on

2023-06-06 23:14:06 - [MESSAGE][PASSED] - Call Test Case 'Test Cases/Ovo/Open Home Menu' successfully

2023-06-06 23:14:06 - [TEST_STEP][PASSED] - click(findTestObject("OVO/menu_Merchants")): Object: 'Object Repository/OVO/menu_Merchants' is clicked on

2023-06-06 23:14:08 - [MESSAGE][PASSED] - Object: 'Object Repository/OVO/menu_Merchants' is clicked on

2023-06-06 23:14:08 - [TEST_STEP][PASSED] - verifyElementPresent(findTestObject("OVO/title_Merchants"), 0): Object 'Object Repository/OVO/title_Merchants' is present

2023-06-06 23:14:08 - [MESSAGE][WARNING] - Timeout '0' is invalid. Using default page load timeout: '30'

2023-06-06 23:14:08 - [MESSAGE][PASSED] - Object 'Object Repository/OVO/title_Merchants' is present

2023-06-06 23:14:08 - [TEST_STEP][PASSED] - scrollToElement(findTestObject("OVO/section_Merchants"), 0): Scroll to object 'Object Repository/OVO/section_Merchants' successfully

2023-06-06 23:14:08 - [MESSAGE][WARNING] - Timeout '0' is invalid. Using default page load timeout: '30'

2023-06-06 23:14:08 - [MESSAGE][PASSED] - Scroll to object 'Object Repository/OVO/section_Merchants' successfully]]></system-out>
         <system-err><![CDATA[]]></system-err>
      </testcase>
      <testcase name="Test Cases/Ovo/Check news ovo" time="13.454" classname="Test Cases/Ovo/Check news ovo" status="PASSED">
         <system-out><![CDATA[2023-06-06 23:14:08 - [TEST_CASE][PASSED] - Test Cases/Ovo/Check news ovo: Test Cases/Ovo/Check news ovo

2023-06-06 23:14:08 - [TEST_STEP][PASSED] - callTestCase(findTestCase("Ovo/Open Home Menu"), [:], STOP_ON_FAILURE): Call Test Case 'Test Cases/Ovo/Open Home Menu' successfully

2023-06-06 23:14:09 - [TEST_CASE][PASSED] - Test Cases/Ovo/Open Home Menu: Test Cases/Ovo/Open Home Menu

2023-06-06 23:14:09 - [TEST_STEP][PASSED] - openBrowser("https://www.ovo.id/"): Browser is opened with url: 'https://www.ovo.id/'

2023-06-06 23:14:09 - [MESSAGE][WARNING] - A browser is already opened. Closing browser and opening a new one

2023-06-06 23:14:09 - [MESSAGE][INFO] - Starting 'Chrome' driver

2023-06-06 23:14:09 - [MESSAGE][INFO] - Action delay is set to 0 milliseconds

2023-06-06 23:14:13 - [MESSAGE][PASSED] - Browser is opened with url: 'https://www.ovo.id/'

2023-06-06 23:14:13 - [TEST_STEP][PASSED] - verifyElementPresent(findTestObject("OVO/homeMenu"), 0): Object 'Object Repository/OVO/homeMenu' is present

2023-06-06 23:14:13 - [MESSAGE][WARNING] - Timeout '0' is invalid. Using default page load timeout: '30'

2023-06-06 23:14:15 - [MESSAGE][PASSED] - Object 'Object Repository/OVO/homeMenu' is present

2023-06-06 23:14:15 - [TEST_STEP][PASSED] - click(findTestObject("OVO/homeMenu")): Object: 'Object Repository/OVO/homeMenu' is clicked on

2023-06-06 23:14:17 - [MESSAGE][PASSED] - Object: 'Object Repository/OVO/homeMenu' is clicked on

2023-06-06 23:14:17 - [MESSAGE][PASSED] - Call Test Case 'Test Cases/Ovo/Open Home Menu' successfully

2023-06-06 23:14:17 - [TEST_STEP][PASSED] - click(findTestObject("OVO/menu_News")): Object: 'Object Repository/OVO/menu_News' is clicked on

2023-06-06 23:14:21 - [MESSAGE][PASSED] - Object: 'Object Repository/OVO/menu_News' is clicked on

2023-06-06 23:14:21 - [TEST_STEP][PASSED] - verifyElementPresent(findTestObject("OVO/title_News"), 0): Object 'Object Repository/OVO/title_News' is present

2023-06-06 23:14:21 - [MESSAGE][WARNING] - Timeout '0' is invalid. Using default page load timeout: '30'

2023-06-06 23:14:21 - [MESSAGE][PASSED] - Object 'Object Repository/OVO/title_News' is present

2023-06-06 23:14:21 - [TEST_STEP][PASSED] - scrollToElement(findTestObject("OVO/section_News"), 0): Scroll to object 'Object Repository/OVO/section_News' successfully

2023-06-06 23:14:21 - [MESSAGE][WARNING] - Timeout '0' is invalid. Using default page load timeout: '30'

2023-06-06 23:14:22 - [MESSAGE][PASSED] - Scroll to object 'Object Repository/OVO/section_News' successfully]]></system-out>
         <system-err><![CDATA[]]></system-err>
      </testcase>
      <testcase name="Test Cases/Ovo/Open Home Menu" time="8.065" classname="Test Cases/Ovo/Open Home Menu" status="PASSED">
         <system-out><![CDATA[2023-06-06 23:14:22 - [TEST_CASE][PASSED] - Test Cases/Ovo/Open Home Menu: Test Cases/Ovo/Open Home Menu

2023-06-06 23:14:22 - [TEST_STEP][PASSED] - openBrowser("https://www.ovo.id/"): Browser is opened with url: 'https://www.ovo.id/'

2023-06-06 23:14:22 - [MESSAGE][WARNING] - A browser is already opened. Closing browser and opening a new one

2023-06-06 23:14:22 - [MESSAGE][INFO] - Starting 'Chrome' driver

2023-06-06 23:14:22 - [MESSAGE][INFO] - Action delay is set to 0 milliseconds

2023-06-06 23:14:27 - [MESSAGE][PASSED] - Browser is opened with url: 'https://www.ovo.id/'

2023-06-06 23:14:27 - [TEST_STEP][PASSED] - verifyElementPresent(findTestObject("OVO/homeMenu"), 0): Object 'Object Repository/OVO/homeMenu' is present

2023-06-06 23:14:28 - [MESSAGE][WARNING] - Timeout '0' is invalid. Using default page load timeout: '30'

2023-06-06 23:14:28 - [MESSAGE][PASSED] - Object 'Object Repository/OVO/homeMenu' is present

2023-06-06 23:14:28 - [TEST_STEP][PASSED] - click(findTestObject("OVO/homeMenu")): Object: 'Object Repository/OVO/homeMenu' is clicked on

2023-06-06 23:14:30 - [MESSAGE][PASSED] - Object: 'Object Repository/OVO/homeMenu' is clicked on]]></system-out>
         <system-err><![CDATA[]]></system-err>
      </testcase>
      <system-out><![CDATA[2023-06-06 23:13:14 - [TEST_SUITE][PASSED] - Ovo: Test Cases/Ovo/Open Home Menu]]></system-out>
      <system-err><![CDATA[]]></system-err>
   </testsuite>
</testsuites>
