<?xml version="1.0" encoding="UTF-8"?>
<testsuites name="Ovo" time="46.848" tests="6" failures="0" errors="0">
   <testsuite name="Ovo" tests="6" failures="0" errors="0" time="46.848" skipped="0" timestamp="2023-06-06 23:09:07" hostname="elizabethchan - localhost" id="Test Suites/Ovo">
      <properties>
         <property name="deviceName" value=""/>
         <property name="devicePlatform" value=""/>
         <property name="logFolder" value="/Users/elizabethchan/Downloads/git/Katalon/Reports/20230606_230904/Ovo/20230606_230905"/>
         <property name="logFiles" value="/Users/elizabethchan/Downloads/git/Katalon/Reports/20230606_230904/Ovo/20230606_230905/execution0.log"/>
         <property name="attachments" value=""/>
         <property name="hostName" value="elizabethchan - localhost"/>
         <property name="os" value="Mac OS X 64bit"/>
         <property name="katalonVersion" value="8.6.0.208"/>
         <property name="browser" value="Chrome 114.0.0.0"/>
         <property name="hostAddress" value="192.168.0.110"/>
         <property name="sessionId" value="9b307ee88064e39f3c14dd9e555cc39e"/>
         <property name="seleniumVersion" value="3.141.59"/>
         <property name="proxyInformation" value="ProxyInformation { proxyOption=NO_PROXY, proxyServerType=HTTP, username=, password=********, proxyServerAddress=, proxyServerPort=0, executionList=&quot;&quot;, isApplyToDesiredCapabilities=true }"/>
         <property name="platform" value="Mac OS X"/>
      </properties>
      <testcase name="Test Cases/Ovo/Check About Us Ovo" time="8.237" classname="Test Cases/Ovo/Check About Us Ovo" status="PASSED">
         <system-out><![CDATA[2023-06-06 23:09:07 - [TEST_CASE][PASSED] - Test Cases/Ovo/Check About Us Ovo: Test Cases/Ovo/Check About Us Ovo

2023-06-06 23:09:07 - [TEST_STEP][PASSED] - callTestCase(findTestCase("Ovo/Open Home Menu"), [:], STOP_ON_FAILURE): Call Test Case 'Test Cases/Ovo/Open Home Menu' successfully

2023-06-06 23:09:07 - [TEST_CASE][PASSED] - Test Cases/Ovo/Open Home Menu: Test Cases/Ovo/Open Home Menu

2023-06-06 23:09:08 - [TEST_STEP][PASSED] - openBrowser("https://www.ovo.id/"): Browser is opened with url: 'https://www.ovo.id/'

2023-06-06 23:09:08 - [MESSAGE][INFO] - Starting 'Chrome' driver

2023-06-06 23:09:08 - [MESSAGE][INFO] - Action delay is set to 0 milliseconds

2023-06-06 23:09:13 - [MESSAGE][PASSED] - Browser is opened with url: 'https://www.ovo.id/'

2023-06-06 23:09:13 - [TEST_STEP][PASSED] - verifyElementPresent(findTestObject("OVO/homeMenu"), 0): Object 'Object Repository/OVO/homeMenu' is present

2023-06-06 23:09:13 - [MESSAGE][WARNING] - Timeout '0' is invalid. Using default page load timeout: '30'

2023-06-06 23:09:13 - [MESSAGE][PASSED] - Object 'Object Repository/OVO/homeMenu' is present

2023-06-06 23:09:13 - [TEST_STEP][PASSED] - click(findTestObject("OVO/homeMenu")): Object: 'Object Repository/OVO/homeMenu' is clicked on

2023-06-06 23:09:13 - [MESSAGE][PASSED] - Object: 'Object Repository/OVO/homeMenu' is clicked on

2023-06-06 23:09:13 - [MESSAGE][PASSED] - Call Test Case 'Test Cases/Ovo/Open Home Menu' successfully

2023-06-06 23:09:13 - [TEST_STEP][PASSED] - click(findTestObject("OVO/menu_About Us")): Object: 'Object Repository/OVO/menu_About Us' is clicked on

2023-06-06 23:09:15 - [MESSAGE][PASSED] - Object: 'Object Repository/OVO/menu_About Us' is clicked on

2023-06-06 23:09:15 - [TEST_STEP][PASSED] - verifyElementPresent(findTestObject("OVO/aboutus_title"), 0): Object 'Object Repository/OVO/aboutus_title' is present

2023-06-06 23:09:15 - [MESSAGE][WARNING] - Timeout '0' is invalid. Using default page load timeout: '30'

2023-06-06 23:09:15 - [MESSAGE][PASSED] - Object 'Object Repository/OVO/aboutus_title' is present

2023-06-06 23:09:15 - [TEST_STEP][PASSED] - scrollToElement(findTestObject("OVO/aboutus_section"), 0): Scroll to object 'Object Repository/OVO/aboutus_section' successfully

2023-06-06 23:09:15 - [MESSAGE][WARNING] - Timeout '0' is invalid. Using default page load timeout: '30'

2023-06-06 23:09:15 - [MESSAGE][PASSED] - Scroll to object 'Object Repository/OVO/aboutus_section' successfully]]></system-out>
         <system-err><![CDATA[]]></system-err>
      </testcase>
      <testcase name="Test Cases/Ovo/Check deals ovo" time="10.218" classname="Test Cases/Ovo/Check deals ovo" status="PASSED">
         <system-out><![CDATA[2023-06-06 23:09:15 - [TEST_CASE][PASSED] - Test Cases/Ovo/Check deals ovo: Test Cases/Ovo/Check deals ovo

2023-06-06 23:09:15 - [TEST_STEP][PASSED] - callTestCase(findTestCase("Ovo/Open Home Menu"), [:], STOP_ON_FAILURE): Call Test Case 'Test Cases/Ovo/Open Home Menu' successfully

2023-06-06 23:09:15 - [TEST_CASE][PASSED] - Test Cases/Ovo/Open Home Menu: Test Cases/Ovo/Open Home Menu

2023-06-06 23:09:16 - [TEST_STEP][PASSED] - openBrowser("https://www.ovo.id/"): Browser is opened with url: 'https://www.ovo.id/'

2023-06-06 23:09:16 - [MESSAGE][WARNING] - A browser is already opened. Closing browser and opening a new one

2023-06-06 23:09:16 - [MESSAGE][INFO] - Starting 'Chrome' driver

2023-06-06 23:09:16 - [MESSAGE][INFO] - Action delay is set to 0 milliseconds

2023-06-06 23:09:22 - [MESSAGE][PASSED] - Browser is opened with url: 'https://www.ovo.id/'

2023-06-06 23:09:22 - [TEST_STEP][PASSED] - verifyElementPresent(findTestObject("OVO/homeMenu"), 0): Object 'Object Repository/OVO/homeMenu' is present

2023-06-06 23:09:22 - [MESSAGE][WARNING] - Timeout '0' is invalid. Using default page load timeout: '30'

2023-06-06 23:09:22 - [MESSAGE][PASSED] - Object 'Object Repository/OVO/homeMenu' is present

2023-06-06 23:09:22 - [TEST_STEP][PASSED] - click(findTestObject("OVO/homeMenu")): Object: 'Object Repository/OVO/homeMenu' is clicked on

2023-06-06 23:09:22 - [MESSAGE][PASSED] - Object: 'Object Repository/OVO/homeMenu' is clicked on

2023-06-06 23:09:22 - [MESSAGE][PASSED] - Call Test Case 'Test Cases/Ovo/Open Home Menu' successfully

2023-06-06 23:09:22 - [TEST_STEP][PASSED] - click(findTestObject("OVO/menu_Deals")): Object: 'Object Repository/OVO/menu_Deals' is clicked on

2023-06-06 23:09:25 - [MESSAGE][PASSED] - Object: 'Object Repository/OVO/menu_Deals' is clicked on

2023-06-06 23:09:25 - [TEST_STEP][PASSED] - verifyElementPresent(findTestObject("OVO/title_Deals"), 0): Object 'Object Repository/OVO/title_Deals' is present

2023-06-06 23:09:25 - [MESSAGE][WARNING] - Timeout '0' is invalid. Using default page load timeout: '30'

2023-06-06 23:09:25 - [MESSAGE][PASSED] - Object 'Object Repository/OVO/title_Deals' is present

2023-06-06 23:09:25 - [TEST_STEP][PASSED] - scrollToElement(findTestObject("OVO/section_Deals"), 0): Scroll to object 'Object Repository/OVO/section_Deals' successfully

2023-06-06 23:09:25 - [MESSAGE][WARNING] - Timeout '0' is invalid. Using default page load timeout: '30'

2023-06-06 23:09:25 - [MESSAGE][PASSED] - Scroll to object 'Object Repository/OVO/section_Deals' successfully]]></system-out>
         <system-err><![CDATA[]]></system-err>
      </testcase>
      <testcase name="Test Cases/Ovo/Check feature ovo website" time="6.654" classname="Test Cases/Ovo/Check feature ovo website" status="PASSED">
         <system-out><![CDATA[2023-06-06 23:09:25 - [TEST_CASE][PASSED] - Test Cases/Ovo/Check feature ovo website: Test Cases/Ovo/Check feature ovo website

2023-06-06 23:09:26 - [TEST_STEP][PASSED] - callTestCase(findTestCase("Ovo/Open Home Menu"), [:], STOP_ON_FAILURE): Call Test Case 'Test Cases/Ovo/Open Home Menu' successfully

2023-06-06 23:09:26 - [TEST_CASE][PASSED] - Test Cases/Ovo/Open Home Menu: Test Cases/Ovo/Open Home Menu

2023-06-06 23:09:26 - [TEST_STEP][PASSED] - openBrowser("https://www.ovo.id/"): Browser is opened with url: 'https://www.ovo.id/'

2023-06-06 23:09:26 - [MESSAGE][WARNING] - A browser is already opened. Closing browser and opening a new one

2023-06-06 23:09:26 - [MESSAGE][INFO] - Starting 'Chrome' driver

2023-06-06 23:09:26 - [MESSAGE][INFO] - Action delay is set to 0 milliseconds

2023-06-06 23:09:30 - [MESSAGE][PASSED] - Browser is opened with url: 'https://www.ovo.id/'

2023-06-06 23:09:30 - [TEST_STEP][PASSED] - verifyElementPresent(findTestObject("OVO/homeMenu"), 0): Object 'Object Repository/OVO/homeMenu' is present

2023-06-06 23:09:30 - [MESSAGE][WARNING] - Timeout '0' is invalid. Using default page load timeout: '30'

2023-06-06 23:09:30 - [MESSAGE][PASSED] - Object 'Object Repository/OVO/homeMenu' is present

2023-06-06 23:09:30 - [TEST_STEP][PASSED] - click(findTestObject("OVO/homeMenu")): Object: 'Object Repository/OVO/homeMenu' is clicked on

2023-06-06 23:09:31 - [MESSAGE][PASSED] - Object: 'Object Repository/OVO/homeMenu' is clicked on

2023-06-06 23:09:31 - [MESSAGE][PASSED] - Call Test Case 'Test Cases/Ovo/Open Home Menu' successfully

2023-06-06 23:09:31 - [TEST_STEP][PASSED] - click(findTestObject("OVO/menu_Features")): Object: 'Object Repository/OVO/menu_Features' is clicked on

2023-06-06 23:09:32 - [MESSAGE][PASSED] - Object: 'Object Repository/OVO/menu_Features' is clicked on

2023-06-06 23:09:32 - [TEST_STEP][PASSED] - scrollToElement(findTestObject("OVO/feature_section"), 0): Scroll to object 'Object Repository/OVO/feature_section' successfully

2023-06-06 23:09:32 - [MESSAGE][WARNING] - Timeout '0' is invalid. Using default page load timeout: '30'

2023-06-06 23:09:32 - [MESSAGE][PASSED] - Scroll to object 'Object Repository/OVO/feature_section' successfully]]></system-out>
         <system-err><![CDATA[]]></system-err>
      </testcase>
      <testcase name="Test Cases/Ovo/Check merchant ovo" time="8.862" classname="Test Cases/Ovo/Check merchant ovo" status="PASSED">
         <system-out><![CDATA[2023-06-06 23:09:32 - [TEST_CASE][PASSED] - Test Cases/Ovo/Check merchant ovo: Test Cases/Ovo/Check merchant ovo

2023-06-06 23:09:32 - [TEST_STEP][PASSED] - callTestCase(findTestCase("Ovo/Open Home Menu"), [:], STOP_ON_FAILURE): Call Test Case 'Test Cases/Ovo/Open Home Menu' successfully

2023-06-06 23:09:32 - [TEST_CASE][PASSED] - Test Cases/Ovo/Open Home Menu: Test Cases/Ovo/Open Home Menu

2023-06-06 23:09:32 - [TEST_STEP][PASSED] - openBrowser("https://www.ovo.id/"): Browser is opened with url: 'https://www.ovo.id/'

2023-06-06 23:09:32 - [MESSAGE][WARNING] - A browser is already opened. Closing browser and opening a new one

2023-06-06 23:09:33 - [MESSAGE][INFO] - Starting 'Chrome' driver

2023-06-06 23:09:33 - [MESSAGE][INFO] - Action delay is set to 0 milliseconds

2023-06-06 23:09:37 - [MESSAGE][PASSED] - Browser is opened with url: 'https://www.ovo.id/'

2023-06-06 23:09:37 - [TEST_STEP][PASSED] - verifyElementPresent(findTestObject("OVO/homeMenu"), 0): Object 'Object Repository/OVO/homeMenu' is present

2023-06-06 23:09:38 - [MESSAGE][WARNING] - Timeout '0' is invalid. Using default page load timeout: '30'

2023-06-06 23:09:38 - [MESSAGE][PASSED] - Object 'Object Repository/OVO/homeMenu' is present

2023-06-06 23:09:38 - [TEST_STEP][PASSED] - click(findTestObject("OVO/homeMenu")): Object: 'Object Repository/OVO/homeMenu' is clicked on

2023-06-06 23:09:38 - [MESSAGE][PASSED] - Object: 'Object Repository/OVO/homeMenu' is clicked on

2023-06-06 23:09:38 - [MESSAGE][PASSED] - Call Test Case 'Test Cases/Ovo/Open Home Menu' successfully

2023-06-06 23:09:38 - [TEST_STEP][PASSED] - click(findTestObject("OVO/menu_Merchants")): Object: 'Object Repository/OVO/menu_Merchants' is clicked on

2023-06-06 23:09:40 - [MESSAGE][PASSED] - Object: 'Object Repository/OVO/menu_Merchants' is clicked on

2023-06-06 23:09:40 - [TEST_STEP][PASSED] - verifyElementPresent(findTestObject("OVO/title_Merchants"), 0): Object 'Object Repository/OVO/title_Merchants' is present

2023-06-06 23:09:40 - [MESSAGE][WARNING] - Timeout '0' is invalid. Using default page load timeout: '30'

2023-06-06 23:09:41 - [MESSAGE][PASSED] - Object 'Object Repository/OVO/title_Merchants' is present

2023-06-06 23:09:41 - [TEST_STEP][PASSED] - scrollToElement(findTestObject("OVO/section_Merchants"), 0): Scroll to object 'Object Repository/OVO/section_Merchants' successfully

2023-06-06 23:09:41 - [MESSAGE][WARNING] - Timeout '0' is invalid. Using default page load timeout: '30'

2023-06-06 23:09:41 - [MESSAGE][PASSED] - Scroll to object 'Object Repository/OVO/section_Merchants' successfully]]></system-out>
         <system-err><![CDATA[]]></system-err>
      </testcase>
      <testcase name="Test Cases/Ovo/Check news ovo" time="7.355" classname="Test Cases/Ovo/Check news ovo" status="PASSED">
         <system-out><![CDATA[2023-06-06 23:09:41 - [TEST_CASE][PASSED] - Test Cases/Ovo/Check news ovo: Test Cases/Ovo/Check news ovo

2023-06-06 23:09:41 - [TEST_STEP][PASSED] - callTestCase(findTestCase("Ovo/Open Home Menu"), [:], STOP_ON_FAILURE): Call Test Case 'Test Cases/Ovo/Open Home Menu' successfully

2023-06-06 23:09:41 - [TEST_CASE][PASSED] - Test Cases/Ovo/Open Home Menu: Test Cases/Ovo/Open Home Menu

2023-06-06 23:09:41 - [TEST_STEP][PASSED] - openBrowser("https://www.ovo.id/"): Browser is opened with url: 'https://www.ovo.id/'

2023-06-06 23:09:41 - [MESSAGE][WARNING] - A browser is already opened. Closing browser and opening a new one

2023-06-06 23:09:41 - [MESSAGE][INFO] - Starting 'Chrome' driver

2023-06-06 23:09:41 - [MESSAGE][INFO] - Action delay is set to 0 milliseconds

2023-06-06 23:09:45 - [MESSAGE][PASSED] - Browser is opened with url: 'https://www.ovo.id/'

2023-06-06 23:09:45 - [TEST_STEP][PASSED] - verifyElementPresent(findTestObject("OVO/homeMenu"), 0): Object 'Object Repository/OVO/homeMenu' is present

2023-06-06 23:09:45 - [MESSAGE][WARNING] - Timeout '0' is invalid. Using default page load timeout: '30'

2023-06-06 23:09:46 - [MESSAGE][PASSED] - Object 'Object Repository/OVO/homeMenu' is present

2023-06-06 23:09:46 - [TEST_STEP][PASSED] - click(findTestObject("OVO/homeMenu")): Object: 'Object Repository/OVO/homeMenu' is clicked on

2023-06-06 23:09:46 - [MESSAGE][PASSED] - Object: 'Object Repository/OVO/homeMenu' is clicked on

2023-06-06 23:09:46 - [MESSAGE][PASSED] - Call Test Case 'Test Cases/Ovo/Open Home Menu' successfully

2023-06-06 23:09:46 - [TEST_STEP][PASSED] - click(findTestObject("OVO/menu_News")): Object: 'Object Repository/OVO/menu_News' is clicked on

2023-06-06 23:09:48 - [MESSAGE][PASSED] - Object: 'Object Repository/OVO/menu_News' is clicked on

2023-06-06 23:09:48 - [TEST_STEP][PASSED] - verifyElementPresent(findTestObject("OVO/title_News"), 0): Object 'Object Repository/OVO/title_News' is present

2023-06-06 23:09:48 - [MESSAGE][WARNING] - Timeout '0' is invalid. Using default page load timeout: '30'

2023-06-06 23:09:48 - [MESSAGE][PASSED] - Object 'Object Repository/OVO/title_News' is present

2023-06-06 23:09:48 - [TEST_STEP][PASSED] - scrollToElement(findTestObject("OVO/section_News"), 0): Scroll to object 'Object Repository/OVO/section_News' successfully

2023-06-06 23:09:48 - [MESSAGE][WARNING] - Timeout '0' is invalid. Using default page load timeout: '30'

2023-06-06 23:09:48 - [MESSAGE][PASSED] - Scroll to object 'Object Repository/OVO/section_News' successfully]]></system-out>
         <system-err><![CDATA[]]></system-err>
      </testcase>
      <testcase name="Test Cases/Ovo/Open Home Menu" time="5.268" classname="Test Cases/Ovo/Open Home Menu" status="PASSED">
         <system-out><![CDATA[2023-06-06 23:09:48 - [TEST_CASE][PASSED] - Test Cases/Ovo/Open Home Menu: Test Cases/Ovo/Open Home Menu

2023-06-06 23:09:48 - [TEST_STEP][PASSED] - openBrowser("https://www.ovo.id/"): Browser is opened with url: 'https://www.ovo.id/'

2023-06-06 23:09:48 - [MESSAGE][WARNING] - A browser is already opened. Closing browser and opening a new one

2023-06-06 23:09:49 - [MESSAGE][INFO] - Starting 'Chrome' driver

2023-06-06 23:09:49 - [MESSAGE][INFO] - Action delay is set to 0 milliseconds

2023-06-06 23:09:53 - [MESSAGE][PASSED] - Browser is opened with url: 'https://www.ovo.id/'

2023-06-06 23:09:53 - [TEST_STEP][PASSED] - verifyElementPresent(findTestObject("OVO/homeMenu"), 0): Object 'Object Repository/OVO/homeMenu' is present

2023-06-06 23:09:53 - [MESSAGE][WARNING] - Timeout '0' is invalid. Using default page load timeout: '30'

2023-06-06 23:09:53 - [MESSAGE][PASSED] - Object 'Object Repository/OVO/homeMenu' is present

2023-06-06 23:09:53 - [TEST_STEP][PASSED] - click(findTestObject("OVO/homeMenu")): Object: 'Object Repository/OVO/homeMenu' is clicked on

2023-06-06 23:09:54 - [MESSAGE][PASSED] - Object: 'Object Repository/OVO/homeMenu' is clicked on]]></system-out>
         <system-err><![CDATA[]]></system-err>
      </testcase>
      <system-out><![CDATA[2023-06-06 23:09:07 - [TEST_SUITE][PASSED] - Ovo: Test Cases/Ovo/Open Home Menu]]></system-out>
      <system-err><![CDATA[]]></system-err>
   </testsuite>
</testsuites>
